#
# A fatal error has been detected by the Java Runtime Environment:
#
#  EXCEPTION_ACCESS_VIOLATION (0xc0000005) at pc=0x00007ffed13f8acf, pid=18880, tid=13740
#
# JRE version: OpenJDK Runtime Environment JBR-17.0.6+10-829.5-jcef (17.0.6+10) (build 17.0.6+10-b829.5)
# Java VM: OpenJDK 64-Bit Server VM JBR-17.0.6+10-829.5-jcef (17.0.6+10-b829.5, mixed mode, tiered, compressed oops, compressed class ptrs, g1 gc, windows-amd64)
# Problematic frame:
# V  [jvm.dll+0x658acf]
#
# No core dump will be written. Minidumps are not enabled by default on client versions of Windows
#
# If you would like to submit a bug report, please visit:
#   https://youtrack.jetbrains.com/issues/JBR
#

---------------  S U M M A R Y ------------

Command Line: --add-opens=java.base/java.util=ALL-UNNAMED --add-opens=java.base/java.lang=ALL-UNNAMED --add-opens=java.base/java.lang.invoke=ALL-UNNAMED --add-opens=java.base/java.util=ALL-UNNAMED --add-opens=java.prefs/java.util.prefs=ALL-UNNAMED --add-opens=java.prefs/java.util.prefs=ALL-UNNAMED --add-opens=java.base/java.nio.charset=ALL-UNNAMED --add-opens=java.base/java.net=ALL-UNNAMED --add-opens=java.base/java.util.concurrent.atomic=ALL-UNNAMED -XX:MaxMetaspaceSize=256m -XX:+HeapDumpOnOutOfMemoryError -Xms256m -Xmx512m -Dfile.encoding=windows-1251 -Duser.country=RU -Duser.language=ru -Duser.variant org.gradle.launcher.daemon.bootstrap.GradleDaemon 7.3.3

Host: Intel(R) Core(TM) i7-9700K CPU @ 3.60GHz, 8 cores, 31G,  Windows 11 , 64 bit Build 22621 (10.0.22621.436)
Time: Tue Apr 11 17:36:27 2023  Windows 11 , 64 bit Build 22621 (10.0.22621.436) elapsed time: 712.600030 seconds (0d 0h 11m 52s)

---------------  T H R E A D  ---------------

Current thread (0x00000143b1a49ef0):  GCTaskThread "GC Thread#2" [stack: 0x0000001a12d00000,0x0000001a12e00000] [id=13740]

Stack: [0x0000001a12d00000,0x0000001a12e00000],  sp=0x0000001a12dff4f0,  free space=1021k
Native frames: (J=compiled Java code, j=interpreted, Vv=VM code, C=native code)
V  [jvm.dll+0x658acf]
V  [jvm.dll+0x23079b]
V  [jvm.dll+0x3643c4]
V  [jvm.dll+0x79e824]
V  [jvm.dll+0x364556]
V  [jvm.dll+0x6e308f]
V  [jvm.dll+0x86f7db]
V  [jvm.dll+0x86f826]
V  [jvm.dll+0x7f25fa]
V  [jvm.dll+0x682985]
C  [ucrtbase.dll+0x29363]
C  [KERNEL32.DLL+0x1244d]
C  [ntdll.dll+0x5df78]


siginfo: EXCEPTION_ACCESS_VIOLATION (0xc0000005), writing address 0xffffffffffffffe7


Register to memory mapping:

RIP=0x00007ffed13f8acf jvm.dll
RAX=0xffffffffffffffdf is an unknown value
RBX=0x000001439e741d0f is at entry_point+271 in (nmethod*)0x000001439e741990

[error occurred during error reporting (printing register info), id 0xe0000001, Out of Memory Error (s\src\hotspot\share\memory\arena.cpp:341)]

Registers:
RAX=0xffffffffffffffdf, RBX=0x000001439e741d0f, RCX=0x00007ffed1751a30, RDX=0x0000000000000010
RSP=0x0000001a12dff4f0, RBP=0x00000143b157fd00, RSI=0x00000143b1a2c4c0, RDI=0x00000143b157fd10
R8 =0x0000000000000000, R9 =0x0000014399b10000, R10=0x000001439da80000, R11=0x0000001a12dff5e0
R12=0x00000143b15800e8, R13=0x00000000000003d8, R14=0x000001439e741990, R15=0x00000143b157fd10
RIP=0x00007ffed13f8acf, EFLAGS=0x0000000000010282

Top of Stack: (sp=0x0000001a12dff4f0)
0x0000001a12dff4f0:   000001439e741d0f 00000143b1a2c4c0
0x0000001a12dff500:   00000000000003d8 00000143b15800e8
0x0000001a12dff510:   000001439e741990 00007ffed0fd079b
0x0000001a12dff520:   000001439e4eac10 00000143b157fd00
0x0000001a12dff530:   0000000000000000 00000000000035ac
0x0000001a12dff540:   000001439e4eb030 000001439e4ead78
0x0000001a12dff550:   000001439e4eadf8 000001439e4eac10
0x0000001a12dff560:   000001439e4eb02f 00000143ba5c000a
0x0000001a12dff570:   0000001a12dff568 00007fff881b0001
0x0000001a12dff580:   000001439e4eae00 00007ffed0fd0fed
0x0000001a12dff590:   000001439e4eb360 000001439e4eae00
0x0000001a12dff5a0:   000001439e4eb360 000001439e4eb3d8
0x0000001a12dff5b0:   0000000100061ae0 00007ffed0fa6471
0x0000001a12dff5c0:   00000143b157fd10 0000000000000000
0x0000001a12dff5d0:   0000014300000000 00007fff8ad6b1a1
0x0000001a12dff5e0:   00000143a4ffeb00 00007ffed11043c4 

Instructions: (pc=0x00007ffed13f8acf)
0x00007ffed13f89cf:   35 00 ba 08 09 00 00 4c 8d 05 e3 87 35 00 48 8d
0x00007ffed13f89df:   0d 2c 86 35 00 e8 47 10 bf ff e8 d2 ac 02 00 48
0x00007ffed13f89ef:   89 1f 48 85 db 74 0d b8 01 00 00 00 f0 0f c1 83
0x00007ffed13f89ff:   40 01 00 00 48 8b 5c 24 30 48 8b c7 48 83 c4 20
0x00007ffed13f8a0f:   5f c3 cc cc cc cc cc cc cc cc cc cc cc cc cc cc
0x00007ffed13f8a1f:   cc 48 89 5c 24 08 48 63 81 08 01 00 00 33 db 44
0x00007ffed13f8a2f:   8b d3 4c 8b d8 85 c0 7e 29 44 8b cb 48 8d 41 08
0x00007ffed13f8a3f:   90 48 39 10 74 11 41 ff c2 49 ff c1 48 83 c0 08
0x00007ffed13f8a4f:   4d 3b cb 7c ec eb 0b 49 63 c2 48 8b 9c c1 88 00
0x00007ffed13f8a5f:   00 00 49 3b d8 74 27 48 63 81 08 01 00 00 83 f8
0x00007ffed13f8a6f:   10 7d 23 48 89 54 c1 08 4c 89 84 c1 88 00 00 00
0x00007ffed13f8a7f:   8b 81 08 01 00 00 ff c0 89 81 08 01 00 00 b0 01
0x00007ffed13f8a8f:   48 8b 5c 24 08 c3 48 8b 5c 24 08 32 c0 c3 cc cc
0x00007ffed13f8a9f:   cc 48 83 c2 fb 33 c0 80 3a e8 48 0f 44 c2 c3 cc
0x00007ffed13f8aaf:   cc 40 53 48 83 ec 20 48 8b da 33 d2 8d 4a 10 e8
0x00007ffed13f8abf:   0d 1c 08 00 48 85 c0 74 14 48 8d 0d 61 8f 35 00
0x00007ffed13f8acf:   48 89 58 08 48 89 08 48 83 c4 20 5b c3 48 83 c4
0x00007ffed13f8adf:   20 5b c3 cc cc cc cc cc cc cc cc cc cc cc cc cc
0x00007ffed13f8aef:   cc 40 53 48 83 ec 20 48 8b da 33 d2 8d 4a 10 e8
0x00007ffed13f8aff:   cd 1b 08 00 48 85 c0 74 18 48 8d 0d 21 8f 35 00
0x00007ffed13f8b0f:   48 89 08 48 8d 4b fb 48 89 48 08 48 83 c4 20 5b
0x00007ffed13f8b1f:   c3 48 83 c4 20 5b c3 cc cc cc cc cc cc cc cc cc
0x00007ffed13f8b2f:   cc 40 53 48 83 ec 20 8b 81 44 01 00 00 48 8b d9
0x00007ffed13f8b3f:   ff c0 3b 05 39 6f 55 00 7d 2f 48 8b 01 ff 50 70
0x00007ffed13f8b4f:   84 c0 75 25 48 8b 03 48 8b cb ff 90 20 02 00 00
0x00007ffed13f8b5f:   84 c0 74 0d 48 8b 03 48 8b cb ff 50 78 84 c0 74
0x00007ffed13f8b6f:   08 b0 01 48 83 c4 20 5b c3 32 c0 48 83 c4 20 5b
0x00007ffed13f8b7f:   c3 40 53 48 83 ec 60 48 8b 05 1b d0 4f 00 48 33
0x00007ffed13f8b8f:   c4 48 89 44 24 58 48 63 81 10 01 00 00 48 8b da
0x00007ffed13f8b9f:   48 03 c1 48 89 4c 24 20 33 d2 48 89 44 24 30 48
0x00007ffed13f8baf:   8d 4c 24 20 48 89 54 24 28 89 54 24 38 e8 5f 62
0x00007ffed13f8bbf:   c0 ff 84 c0 74 2b 66 66 66 0f 1f 84 00 00 00 00 


Stack slot to memory mapping:
stack at sp + 0 slots: 0x000001439e741d0f is at entry_point+271 in (nmethod*)0x000001439e741990

[error occurred during error reporting (inspecting top of stack), id 0xe0000001, Out of Memory Error (s\src\hotspot\share\memory\arena.cpp:341)]


---------------  P R O C E S S  ---------------

Threads class SMR info:
_java_thread_list=0x00000143ba46da00, length=44, elements={
0x000001439a31ee30, 0x00000143b0b2e690, 0x00000143b1422240, 0x00000143b14848f0,
0x00000143b14851b0, 0x00000143b1485a70, 0x00000143b1486330, 0x00000143b147a870,
0x00000143b147b170, 0x00000143b147da80, 0x00000143b1606e80, 0x00000143b1607990,
0x00000143b26040b0, 0x00000143b2605d90, 0x00000143b2606260, 0x00000143b2604580,
0x00000143b26053f0, 0x00000143b26058c0, 0x00000143b8168940, 0x00000143b816aaf0,
0x00000143b8168e10, 0x00000143b8168470, 0x00000143b816afc0, 0x00000143b8167600,
0x00000143b8167ad0, 0x00000143b8167fa0, 0x00000143b81692e0, 0x00000143b81697b0,
0x00000143b7bed890, 0x00000143b7bf4740, 0x00000143b166c2a0, 0x00000143ba513f00,
0x00000143ba513090, 0x00000143b4b61ee0, 0x00000143b4b62900, 0x00000143b5a56a20,
0x00000143b5a556e0, 0x00000143b5a573c0, 0x00000143b5a59a40, 0x00000143b5a53a00,
0x00000143b5a55bb0, 0x00000143b5a56080, 0x00000143b5a590a0, 0x00000143b5a5a8b0
}

Java Threads: ( => current thread )
  0x000001439a31ee30 JavaThread "main" [_thread_blocked, id=12776, stack(0x0000001a11800000,0x0000001a11900000)]
  0x00000143b0b2e690 JavaThread "Reference Handler" daemon [_thread_blocked, id=3484, stack(0x0000001a11f00000,0x0000001a12000000)]
  0x00000143b1422240 JavaThread "Finalizer" daemon [_thread_blocked, id=12900, stack(0x0000001a12000000,0x0000001a12100000)]
  0x00000143b14848f0 JavaThread "Signal Dispatcher" daemon [_thread_blocked, id=6948, stack(0x0000001a12100000,0x0000001a12200000)]
  0x00000143b14851b0 JavaThread "Attach Listener" daemon [_thread_blocked, id=12212, stack(0x0000001a12200000,0x0000001a12300000)]
  0x00000143b1485a70 JavaThread "Service Thread" daemon [_thread_blocked, id=19916, stack(0x0000001a12300000,0x0000001a12400000)]
  0x00000143b1486330 JavaThread "Monitor Deflation Thread" daemon [_thread_blocked, id=12324, stack(0x0000001a12400000,0x0000001a12500000)]
  0x00000143b147a870 JavaThread "C2 CompilerThread0" daemon [_thread_blocked, id=9416, stack(0x0000001a12500000,0x0000001a12600000)]
  0x00000143b147b170 JavaThread "C1 CompilerThread0" daemon [_thread_blocked, id=6884, stack(0x0000001a12600000,0x0000001a12700000)]
  0x00000143b147da80 JavaThread "Sweeper thread" daemon [_thread_blocked, id=9860, stack(0x0000001a12700000,0x0000001a12800000)]
  0x00000143b1606e80 JavaThread "Common-Cleaner" daemon [_thread_blocked, id=1256, stack(0x0000001a12800000,0x0000001a12900000)]
  0x00000143b1607990 JavaThread "Notification Thread" daemon [_thread_blocked, id=9244, stack(0x0000001a12900000,0x0000001a12a00000)]
  0x00000143b26040b0 JavaThread "Daemon health stats" [_thread_blocked, id=10344, stack(0x0000001a13200000,0x0000001a13300000)]
  0x00000143b2605d90 JavaThread "Incoming local TCP Connector on port 53260" [_thread_in_native, id=19560, stack(0x0000001a13300000,0x0000001a13400000)]
  0x00000143b2606260 JavaThread "Daemon periodic checks" [_thread_blocked, id=1916, stack(0x0000001a13400000,0x0000001a13500000)]
  0x00000143b2604580 JavaThread "Cache worker for journal cache (C:\Users\janar\.gradle\caches\journal-1)" [_thread_blocked, id=8536, stack(0x0000001a13f00000,0x0000001a14000000)]
  0x00000143b26053f0 JavaThread "File lock request listener" [_thread_in_native, id=7992, stack(0x0000001a14000000,0x0000001a14100000)]
  0x00000143b26058c0 JavaThread "Cache worker for file hash cache (C:\Users\janar\.gradle\caches\7.3.3\fileHashes)" [_thread_blocked, id=10760, stack(0x0000001a14100000,0x0000001a14200000)]
  0x00000143b8168940 JavaThread "File watcher server" daemon [_thread_in_native, id=14040, stack(0x0000001a14300000,0x0000001a14400000)]
  0x00000143b816aaf0 JavaThread "File watcher consumer" daemon [_thread_blocked, id=10944, stack(0x0000001a14400000,0x0000001a14500000)]
  0x00000143b8168e10 JavaThread "jar transforms" [_thread_blocked, id=4632, stack(0x0000001a14500000,0x0000001a14600000)]
  0x00000143b8168470 JavaThread "jar transforms Thread 2" [_thread_blocked, id=10772, stack(0x0000001a14600000,0x0000001a14700000)]
  0x00000143b816afc0 JavaThread "jar transforms Thread 3" [_thread_blocked, id=20128, stack(0x0000001a14700000,0x0000001a14800000)]
  0x00000143b8167600 JavaThread "jar transforms Thread 4" [_thread_blocked, id=6772, stack(0x0000001a14800000,0x0000001a14900000)]
  0x00000143b8167ad0 JavaThread "jar transforms Thread 5" [_thread_blocked, id=10860, stack(0x0000001a14900000,0x0000001a14a00000)]
  0x00000143b8167fa0 JavaThread "jar transforms Thread 6" [_thread_blocked, id=2456, stack(0x0000001a14a00000,0x0000001a14b00000)]
  0x00000143b81692e0 JavaThread "jar transforms Thread 7" [_thread_blocked, id=16892, stack(0x0000001a14b00000,0x0000001a14c00000)]
  0x00000143b81697b0 JavaThread "jar transforms Thread 8" [_thread_blocked, id=5984, stack(0x0000001a14c00000,0x0000001a14d00000)]
  0x00000143b7bed890 JavaThread "Cache worker for execution history cache (C:\Users\janar\.gradle\caches\7.3.3\executionHistory)" [_thread_blocked, id=12108, stack(0x0000001a14f00000,0x0000001a15000000)]
  0x00000143b7bf4740 JavaThread "Cache worker for file content cache (C:\Users\janar\.gradle\caches\7.3.3\fileContent)" [_thread_blocked, id=13340, stack(0x0000001a15100000,0x0000001a15200000)]
  0x00000143b166c2a0 JavaThread "Memory manager" [_thread_blocked, id=8452, stack(0x0000001a17700000,0x0000001a17800000)]
  0x00000143ba513f00 JavaThread "Daemon Thread 2" [_thread_blocked, id=9816, stack(0x0000001a11500000,0x0000001a11600000)]
  0x00000143ba513090 JavaThread "Daemon worker Thread 2" [_thread_blocked, id=16928, stack(0x0000001a12b00000,0x0000001a12c00000)]
  0x00000143b4b61ee0 JavaThread "C2 CompilerThread1" daemon [_thread_blocked, id=8852, stack(0x0000001a15000000,0x0000001a15100000)]
  0x00000143b4b62900 JavaThread "C2 CompilerThread2" daemon [_thread_blocked, id=19988, stack(0x0000001a17400000,0x0000001a17500000)]
  0x00000143b5a56a20 JavaThread "Handler for socket connection from /127.0.0.1:53260 to /127.0.0.1:53554" [_thread_in_native, id=4224, stack(0x0000001a11600000,0x0000001a11700000)]
  0x00000143b5a556e0 JavaThread "Cancel handler" [_thread_blocked, id=9328, stack(0x0000001a11700000,0x0000001a11800000)]
  0x00000143b5a573c0 JavaThread "Asynchronous log dispatcher for DefaultDaemonConnection: socket connection from /127.0.0.1:53260 to /127.0.0.1:53554" [_thread_blocked, id=11812, stack(0x0000001a13100000,0x0000001a13200000)]
  0x00000143b5a59a40 JavaThread "Stdin handler" [_thread_blocked, id=15008, stack(0x0000001a13500000,0x0000001a13600000)]
  0x00000143b5a53a00 JavaThread "Daemon client event forwarder" [_thread_blocked, id=16256, stack(0x0000001a13600000,0x0000001a13700000)]
  0x00000143b5a55bb0 JavaThread "Cache worker for file hash cache (D:\Program Files\IdeaProjects\Maze Runner (Kotlin)\.gradle\7.3.3\fileHashes)" [_thread_blocked, id=14932, stack(0x0000001a13700000,0x0000001a13800000)]
  0x00000143b5a56080 JavaThread "Cache worker for checksums cache (D:\Program Files\IdeaProjects\Maze Runner (Kotlin)\.gradle\7.3.3\checksums)" [_thread_blocked, id=2380, stack(0x0000001a13800000,0x0000001a13900000)]
  0x00000143b5a590a0 JavaThread "Cache worker for cache directory md-supplier (C:\Users\janar\.gradle\caches\7.3.3\md-supplier)" [_thread_blocked, id=4612, stack(0x0000001a13900000,0x0000001a13a00000)]
  0x00000143b5a5a8b0 JavaThread "Cache worker for cache directory md-rule (C:\Users\janar\.gradle\caches\7.3.3\md-rule)" [_thread_blocked, id=9324, stack(0x0000001a13a00000,0x0000001a13b00000)]

Other Threads:
  0x00000143b0af75a0 VMThread "VM Thread" [stack: 0x0000001a11e00000,0x0000001a11f00000] [id=1560]
  0x00000143b1630040 WatcherThread [stack: 0x0000001a12a00000,0x0000001a12b00000] [id=19884]
  0x000001439a34bdd0 GCTaskThread "GC Thread#0" [stack: 0x0000001a11900000,0x0000001a11a00000] [id=14988]
  0x00000143b253a5d0 GCTaskThread "GC Thread#1" [stack: 0x0000001a12c00000,0x0000001a12d00000] [id=16100]
=>0x00000143b1a49ef0 GCTaskThread "GC Thread#2" [stack: 0x0000001a12d00000,0x0000001a12e00000] [id=13740]
  0x00000143b1a4a1a0 GCTaskThread "GC Thread#3" [stack: 0x0000001a12e00000,0x0000001a12f00000] [id=14076]
  0x00000143b1a4a450 GCTaskThread "GC Thread#4" [stack: 0x0000001a12f00000,0x0000001a13000000] [id=6868]
  0x00000143b1e86d10 GCTaskThread "GC Thread#5" [stack: 0x0000001a13000000,0x0000001a13100000] [id=10488]
  0x00000143b3e4a4f0 GCTaskThread "GC Thread#6" [stack: 0x0000001a13c00000,0x0000001a13d00000] [id=15896]
  0x00000143b41a7cb0 GCTaskThread "GC Thread#7" [stack: 0x0000001a13d00000,0x0000001a13e00000] [id=3732]
  0x000001439a350c20 ConcurrentGCThread "G1 Main Marker" [stack: 0x0000001a11a00000,0x0000001a11b00000] [id=15232]
  0x000001439a3516a0 ConcurrentGCThread "G1 Conc#0" [stack: 0x0000001a11b00000,0x0000001a11c00000] [id=5568]
  0x00000143b2d245b0 ConcurrentGCThread "G1 Conc#1" [stack: 0x0000001a13e00000,0x0000001a13f00000] [id=19836]
  0x000001439a3de890 ConcurrentGCThread "G1 Refine#0" [stack: 0x0000001a11c00000,0x0000001a11d00000] [id=19512]
  0x00000143b9e86570 ConcurrentGCThread "G1 Refine#1" [stack: 0x0000001a18500000,0x0000001a18600000] [id=11136]
  0x00000143b9e859f0 ConcurrentGCThread "G1 Refine#2" [stack: 0x0000001a18600000,0x0000001a18700000] [id=4244]
  0x00000143b09b0260 ConcurrentGCThread "G1 Service" [stack: 0x0000001a11d00000,0x0000001a11e00000] [id=8720]

Threads with active compile tasks:

VM state: at safepoint (normal execution)

VM Mutex/Monitor currently owned by a thread:  ([mutex/lock_event])
[0x00000143981eb900] Threads_lock - owner thread: 0x00000143b0af75a0

Heap address: 0x00000000e0000000, size: 512 MB, Compressed Oops mode: 32-bit

CDS archive(s) not mapped
Compressed class space mapped at: 0x0000000100000000-0x000000010d000000, reserved size: 218103808
Narrow klass base: 0x0000000000000000, Narrow klass shift: 3, Narrow klass range: 0x10d000000

GC Precious Log:
 CPUs: 8 total, 8 available
 Memory: 32682M
 Large Page Support: Disabled
 NUMA Support: Disabled
 Compressed Oops: Enabled (32-bit)
 Heap Region Size: 1M
 Heap Min Capacity: 256M
 Heap Initial Capacity: 256M
 Heap Max Capacity: 512M
 Pre-touch: Disabled
 Parallel Workers: 8
 Concurrent Workers: 2
 Concurrent Refinement Workers: 8
 Periodic GC: Disabled

Heap:
 garbage-first heap   total 262144K, used 216161K [0x00000000e0000000, 0x0000000100000000)
  region size 1024K, 67 young (68608K), 2 survivors (2048K)
 Metaspace       used 99964K, committed 101248K, reserved 303104K
  class space    used 13280K, committed 13888K, reserved 212992K

Heap Regions: E=young(eden), S=young(survivor), O=old, HS=humongous(starts), HC=humongous(continues), CS=collection set, F=free, OA=open archive, CA=closed archive, TAMS=top-at-mark-start (previous, next)
|   0|0x00000000e0000000, 0x00000000e0100000, 0x00000000e0100000|100%|HS|  |TAMS 0x00000000e0100000, 0x00000000e0000000| Complete 
|   1|0x00000000e0100000, 0x00000000e0200000, 0x00000000e0200000|100%| O|  |TAMS 0x00000000e0200000, 0x00000000e0100000| Untracked 
|   2|0x00000000e0200000, 0x00000000e0300000, 0x00000000e0300000|100%| O|  |TAMS 0x00000000e0300000, 0x00000000e0200000| Untracked 
|   3|0x00000000e0300000, 0x00000000e0400000, 0x00000000e0400000|100%|HS|  |TAMS 0x00000000e0400000, 0x00000000e0300000| Complete 
|   4|0x00000000e0400000, 0x00000000e0500000, 0x00000000e0500000|100%|HC|  |TAMS 0x00000000e0500000, 0x00000000e0400000| Complete 
|   5|0x00000000e0500000, 0x00000000e0600000, 0x00000000e0600000|100%|HC|  |TAMS 0x00000000e0600000, 0x00000000e0500000| Complete 
|   6|0x00000000e0600000, 0x00000000e0700000, 0x00000000e0700000|100%| O|  |TAMS 0x00000000e0700000, 0x00000000e0600000| Untracked 
|   7|0x00000000e0700000, 0x00000000e0800000, 0x00000000e0800000|100%| O|  |TAMS 0x00000000e0800000, 0x00000000e0700000| Untracked 
|   8|0x00000000e0800000, 0x00000000e0900000, 0x00000000e0900000|100%| O|  |TAMS 0x00000000e0900000, 0x00000000e0800000| Untracked 
|   9|0x00000000e0900000, 0x00000000e0a00000, 0x00000000e0a00000|100%| O|  |TAMS 0x00000000e0a00000, 0x00000000e0900000| Untracked 
|  10|0x00000000e0a00000, 0x00000000e0b00000, 0x00000000e0b00000|100%| O|  |TAMS 0x00000000e0b00000, 0x00000000e0a00000| Untracked 
|  11|0x00000000e0b00000, 0x00000000e0c00000, 0x00000000e0c00000|100%|HS|  |TAMS 0x00000000e0c00000, 0x00000000e0b00000| Complete 
|  12|0x00000000e0c00000, 0x00000000e0d00000, 0x00000000e0d00000|100%|HC|  |TAMS 0x00000000e0d00000, 0x00000000e0c00000| Complete 
|  13|0x00000000e0d00000, 0x00000000e0e00000, 0x00000000e0e00000|100%|HS|  |TAMS 0x00000000e0e00000, 0x00000000e0d00000| Complete 
|  14|0x00000000e0e00000, 0x00000000e0f00000, 0x00000000e0f00000|100%|HC|  |TAMS 0x00000000e0f00000, 0x00000000e0e00000| Complete 
|  15|0x00000000e0f00000, 0x00000000e1000000, 0x00000000e1000000|100%|HC|  |TAMS 0x00000000e1000000, 0x00000000e0f00000| Complete 
|  16|0x00000000e1000000, 0x00000000e1100000, 0x00000000e1100000|100%|HS|  |TAMS 0x00000000e1100000, 0x00000000e1000000| Complete 
|  17|0x00000000e1100000, 0x00000000e1200000, 0x00000000e1200000|100%|HC|  |TAMS 0x00000000e1200000, 0x00000000e1100000| Complete 
|  18|0x00000000e1200000, 0x00000000e1300000, 0x00000000e1300000|100%|HS|  |TAMS 0x00000000e1300000, 0x00000000e1200000| Complete 
|  19|0x00000000e1300000, 0x00000000e1400000, 0x00000000e1400000|100%|HC|  |TAMS 0x00000000e1400000, 0x00000000e1300000| Complete 
|  20|0x00000000e1400000, 0x00000000e1500000, 0x00000000e1500000|100%|HC|  |TAMS 0x00000000e1500000, 0x00000000e1400000| Complete 
|  21|0x00000000e1500000, 0x00000000e1600000, 0x00000000e1600000|100%|HC|  |TAMS 0x00000000e1600000, 0x00000000e1500000| Complete 
|  22|0x00000000e1600000, 0x00000000e1700000, 0x00000000e1700000|100%|HC|  |TAMS 0x00000000e1700000, 0x00000000e1600000| Complete 
|  23|0x00000000e1700000, 0x00000000e1800000, 0x00000000e1800000|100%|HC|  |TAMS 0x00000000e1800000, 0x00000000e1700000| Complete 
|  24|0x00000000e1800000, 0x00000000e1900000, 0x00000000e1900000|100%|HC|  |TAMS 0x00000000e1900000, 0x00000000e1800000| Complete 
|  25|0x00000000e1900000, 0x00000000e1a00000, 0x00000000e1a00000|100%|HC|  |TAMS 0x00000000e1a00000, 0x00000000e1900000| Complete 
|  26|0x00000000e1a00000, 0x00000000e1b00000, 0x00000000e1b00000|100%|HC|  |TAMS 0x00000000e1b00000, 0x00000000e1a00000| Complete 
|  27|0x00000000e1b00000, 0x00000000e1c00000, 0x00000000e1c00000|100%|HC|  |TAMS 0x00000000e1c00000, 0x00000000e1b00000| Complete 
|  28|0x00000000e1c00000, 0x00000000e1d00000, 0x00000000e1d00000|100%|HC|  |TAMS 0x00000000e1d00000, 0x00000000e1c00000| Complete 
|  29|0x00000000e1d00000, 0x00000000e1e00000, 0x00000000e1e00000|100%|HS|  |TAMS 0x00000000e1e00000, 0x00000000e1d00000| Complete 
|  30|0x00000000e1e00000, 0x00000000e1f00000, 0x00000000e1f00000|100%|HC|  |TAMS 0x00000000e1f00000, 0x00000000e1e00000| Complete 
|  31|0x00000000e1f00000, 0x00000000e2000000, 0x00000000e2000000|100%|HS|  |TAMS 0x00000000e2000000, 0x00000000e1f00000| Complete 
|  32|0x00000000e2000000, 0x00000000e2100000, 0x00000000e2100000|100%|HC|  |TAMS 0x00000000e2100000, 0x00000000e2000000| Complete 
|  33|0x00000000e2100000, 0x00000000e2200000, 0x00000000e2200000|100%|HC|  |TAMS 0x00000000e2200000, 0x00000000e2100000| Complete 
|  34|0x00000000e2200000, 0x00000000e2300000, 0x00000000e2300000|100%|HC|  |TAMS 0x00000000e2300000, 0x00000000e2200000| Complete 
|  35|0x00000000e2300000, 0x00000000e2400000, 0x00000000e2400000|100%|HC|  |TAMS 0x00000000e2400000, 0x00000000e2300000| Complete 
|  36|0x00000000e2400000, 0x00000000e2500000, 0x00000000e2500000|100%|HC|  |TAMS 0x00000000e2500000, 0x00000000e2400000| Complete 
|  37|0x00000000e2500000, 0x00000000e2600000, 0x00000000e2600000|100%| O|  |TAMS 0x00000000e2600000, 0x00000000e2500000| Untracked 
|  38|0x00000000e2600000, 0x00000000e2700000, 0x00000000e2700000|100%| O|  |TAMS 0x00000000e2700000, 0x00000000e2600000| Untracked 
|  39|0x00000000e2700000, 0x00000000e2800000, 0x00000000e2800000|100%| O|  |TAMS 0x00000000e2800000, 0x00000000e2700000| Untracked 
|  40|0x00000000e2800000, 0x00000000e2900000, 0x00000000e2900000|100%| O|  |TAMS 0x00000000e2900000, 0x00000000e2800000| Untracked 
|  41|0x00000000e2900000, 0x00000000e2a00000, 0x00000000e2a00000|100%| O|  |TAMS 0x00000000e2a00000, 0x00000000e2900000| Untracked 
|  42|0x00000000e2a00000, 0x00000000e2b00000, 0x00000000e2b00000|100%| O|  |TAMS 0x00000000e2b00000, 0x00000000e2a00000| Untracked 
|  43|0x00000000e2b00000, 0x00000000e2c00000, 0x00000000e2c00000|100%| O|  |TAMS 0x00000000e2c00000, 0x00000000e2b00000| Untracked 
|  44|0x00000000e2c00000, 0x00000000e2d00000, 0x00000000e2d00000|100%| O|  |TAMS 0x00000000e2d00000, 0x00000000e2c00000| Untracked 
|  45|0x00000000e2d00000, 0x00000000e2e00000, 0x00000000e2e00000|100%| O|  |TAMS 0x00000000e2e00000, 0x00000000e2d00000| Untracked 
|  46|0x00000000e2e00000, 0x00000000e2f00000, 0x00000000e2f00000|100%| O|  |TAMS 0x00000000e2f00000, 0x00000000e2e00000| Untracked 
|  47|0x00000000e2f00000, 0x00000000e3000000, 0x00000000e3000000|100%| O|  |TAMS 0x00000000e3000000, 0x00000000e2f00000| Untracked 
|  48|0x00000000e3000000, 0x00000000e3100000, 0x00000000e3100000|100%| O|  |TAMS 0x00000000e3100000, 0x00000000e3000000| Untracked 
|  49|0x00000000e3100000, 0x00000000e3200000, 0x00000000e3200000|100%| O|  |TAMS 0x00000000e3200000, 0x00000000e3100000| Untracked 
|  50|0x00000000e3200000, 0x00000000e3300000, 0x00000000e3300000|100%| O|  |TAMS 0x00000000e3300000, 0x00000000e3200000| Untracked 
|  51|0x00000000e3300000, 0x00000000e3400000, 0x00000000e3400000|100%| O|  |TAMS 0x00000000e3400000, 0x00000000e3300000| Untracked 
|  52|0x00000000e3400000, 0x00000000e3500000, 0x00000000e3500000|100%| O|  |TAMS 0x00000000e3500000, 0x00000000e3400000| Untracked 
|  53|0x00000000e3500000, 0x00000000e3600000, 0x00000000e3600000|100%| O|  |TAMS 0x00000000e3600000, 0x00000000e3500000| Untracked 
|  54|0x00000000e3600000, 0x00000000e3700000, 0x00000000e3700000|100%| O|  |TAMS 0x00000000e3700000, 0x00000000e3600000| Untracked 
|  55|0x00000000e3700000, 0x00000000e3800000, 0x00000000e3800000|100%|HS|  |TAMS 0x00000000e3800000, 0x00000000e3700000| Complete 
|  56|0x00000000e3800000, 0x00000000e3900000, 0x00000000e3900000|100%|HC|  |TAMS 0x00000000e3900000, 0x00000000e3800000| Complete 
|  57|0x00000000e3900000, 0x00000000e3a00000, 0x00000000e3a00000|100%|HS|  |TAMS 0x00000000e3a00000, 0x00000000e3900000| Complete 
|  58|0x00000000e3a00000, 0x00000000e3b00000, 0x00000000e3b00000|100%|HC|  |TAMS 0x00000000e3b00000, 0x00000000e3a00000| Complete 
|  59|0x00000000e3b00000, 0x00000000e3c00000, 0x00000000e3c00000|100%|HC|  |TAMS 0x00000000e3c00000, 0x00000000e3b00000| Complete 
|  60|0x00000000e3c00000, 0x00000000e3d00000, 0x00000000e3d00000|100%| O|  |TAMS 0x00000000e3d00000, 0x00000000e3c00000| Untracked 
|  61|0x00000000e3d00000, 0x00000000e3e00000, 0x00000000e3e00000|100%| O|  |TAMS 0x00000000e3e00000, 0x00000000e3d00000| Untracked 
|  62|0x00000000e3e00000, 0x00000000e3f00000, 0x00000000e3f00000|100%| O|  |TAMS 0x00000000e3f00000, 0x00000000e3e00000| Untracked 
|  63|0x00000000e3f00000, 0x00000000e4000000, 0x00000000e4000000|100%| O|  |TAMS 0x00000000e4000000, 0x00000000e3f00000| Untracked 
|  64|0x00000000e4000000, 0x00000000e4100000, 0x00000000e4100000|100%| O|  |TAMS 0x00000000e4100000, 0x00000000e4000000| Untracked 
|  65|0x00000000e4100000, 0x00000000e4200000, 0x00000000e4200000|100%| O|  |TAMS 0x00000000e4200000, 0x00000000e4100000| Untracked 
|  66|0x00000000e4200000, 0x00000000e4300000, 0x00000000e4300000|100%| O|  |TAMS 0x00000000e4300000, 0x00000000e4200000| Untracked 
|  67|0x00000000e4300000, 0x00000000e4400000, 0x00000000e4400000|100%| O|  |TAMS 0x00000000e4400000, 0x00000000e4300000| Untracked 
|  68|0x00000000e4400000, 0x00000000e4500000, 0x00000000e4500000|100%| O|  |TAMS 0x00000000e4500000, 0x00000000e4400000| Untracked 
|  69|0x00000000e4500000, 0x00000000e4600000, 0x00000000e4600000|100%| O|  |TAMS 0x00000000e4600000, 0x00000000e4500000| Untracked 
|  70|0x00000000e4600000, 0x00000000e4700000, 0x00000000e4700000|100%|HS|  |TAMS 0x00000000e4700000, 0x00000000e4600000| Complete 
|  71|0x00000000e4700000, 0x00000000e4800000, 0x00000000e4800000|100%|HS|  |TAMS 0x00000000e4800000, 0x00000000e4700000| Complete 
|  72|0x00000000e4800000, 0x00000000e4900000, 0x00000000e4900000|100%|HC|  |TAMS 0x00000000e4900000, 0x00000000e4800000| Complete 
|  73|0x00000000e4900000, 0x00000000e4a00000, 0x00000000e4a00000|100%|HC|  |TAMS 0x00000000e4a00000, 0x00000000e4900000| Complete 
|  74|0x00000000e4a00000, 0x00000000e4b00000, 0x00000000e4b00000|100%| O|  |TAMS 0x00000000e4b00000, 0x00000000e4a00000| Untracked 
|  75|0x00000000e4b00000, 0x00000000e4c00000, 0x00000000e4c00000|100%|HS|  |TAMS 0x00000000e4c00000, 0x00000000e4b00000| Complete 
|  76|0x00000000e4c00000, 0x00000000e4d00000, 0x00000000e4d00000|100%|HC|  |TAMS 0x00000000e4d00000, 0x00000000e4c00000| Complete 
|  77|0x00000000e4d00000, 0x00000000e4e00000, 0x00000000e4e00000|100%|HS|  |TAMS 0x00000000e4e00000, 0x00000000e4d00000| Complete 
|  78|0x00000000e4e00000, 0x00000000e4f00000, 0x00000000e4f00000|100%|HC|  |TAMS 0x00000000e4f00000, 0x00000000e4e00000| Complete 
|  79|0x00000000e4f00000, 0x00000000e5000000, 0x00000000e5000000|100%|HC|  |TAMS 0x00000000e5000000, 0x00000000e4f00000| Complete 
|  80|0x00000000e5000000, 0x00000000e5100000, 0x00000000e5100000|100%|HS|  |TAMS 0x00000000e5100000, 0x00000000e5000000| Complete 
|  81|0x00000000e5100000, 0x00000000e5200000, 0x00000000e5200000|100%|HC|  |TAMS 0x00000000e5200000, 0x00000000e5100000| Complete 
|  82|0x00000000e5200000, 0x00000000e5300000, 0x00000000e5300000|100%|HS|  |TAMS 0x00000000e5300000, 0x00000000e5200000| Complete 
|  83|0x00000000e5300000, 0x00000000e5400000, 0x00000000e5400000|100%|HC|  |TAMS 0x00000000e5400000, 0x00000000e5300000| Complete 
|  84|0x00000000e5400000, 0x00000000e5500000, 0x00000000e5500000|100%|HC|  |TAMS 0x00000000e5500000, 0x00000000e5400000| Complete 
|  85|0x00000000e5500000, 0x00000000e5600000, 0x00000000e5600000|100%|HC|  |TAMS 0x00000000e5600000, 0x00000000e5500000| Complete 
|  86|0x00000000e5600000, 0x00000000e5700000, 0x00000000e5700000|100%|HC|  |TAMS 0x00000000e5700000, 0x00000000e5600000| Complete 
|  87|0x00000000e5700000, 0x00000000e5800000, 0x00000000e5800000|100%|HC|  |TAMS 0x00000000e5800000, 0x00000000e5700000| Complete 
|  88|0x00000000e5800000, 0x00000000e5900000, 0x00000000e5900000|100%|HC|  |TAMS 0x00000000e5900000, 0x00000000e5800000| Complete 
|  89|0x00000000e5900000, 0x00000000e5a00000, 0x00000000e5a00000|100%|HC|  |TAMS 0x00000000e5a00000, 0x00000000e5900000| Complete 
|  90|0x00000000e5a00000, 0x00000000e5b00000, 0x00000000e5b00000|100%|HC|  |TAMS 0x00000000e5b00000, 0x00000000e5a00000| Complete 
|  91|0x00000000e5b00000, 0x00000000e5c00000, 0x00000000e5c00000|100%|HC|  |TAMS 0x00000000e5c00000, 0x00000000e5b00000| Complete 
|  92|0x00000000e5c00000, 0x00000000e5d00000, 0x00000000e5d00000|100%|HC|  |TAMS 0x00000000e5d00000, 0x00000000e5c00000| Complete 
|  93|0x00000000e5d00000, 0x00000000e5e00000, 0x00000000e5e00000|100%|HS|  |TAMS 0x00000000e5e00000, 0x00000000e5d00000| Complete 
|  94|0x00000000e5e00000, 0x00000000e5f00000, 0x00000000e5f00000|100%|HC|  |TAMS 0x00000000e5f00000, 0x00000000e5e00000| Complete 
|  95|0x00000000e5f00000, 0x00000000e6000000, 0x00000000e6000000|100%|HS|  |TAMS 0x00000000e6000000, 0x00000000e5f00000| Complete 
|  96|0x00000000e6000000, 0x00000000e6100000, 0x00000000e6100000|100%|HC|  |TAMS 0x00000000e6100000, 0x00000000e6000000| Complete 
|  97|0x00000000e6100000, 0x00000000e6200000, 0x00000000e6200000|100%|HC|  |TAMS 0x00000000e6200000, 0x00000000e6100000| Complete 
|  98|0x00000000e6200000, 0x00000000e6300000, 0x00000000e6300000|100%|HC|  |TAMS 0x00000000e6300000, 0x00000000e6200000| Complete 
|  99|0x00000000e6300000, 0x00000000e6400000, 0x00000000e6400000|100%|HC|  |TAMS 0x00000000e6400000, 0x00000000e6300000| Complete 
| 100|0x00000000e6400000, 0x00000000e6500000, 0x00000000e6500000|100%|HC|  |TAMS 0x00000000e6500000, 0x00000000e6400000| Complete 
| 101|0x00000000e6500000, 0x00000000e6600000, 0x00000000e6600000|100%|HS|  |TAMS 0x00000000e6600000, 0x00000000e6500000| Complete 
| 102|0x00000000e6600000, 0x00000000e6700000, 0x00000000e6700000|100%| O|  |TAMS 0x00000000e6700000, 0x00000000e6600000| Untracked 
| 103|0x00000000e6700000, 0x00000000e6800000, 0x00000000e6800000|100%| O|  |TAMS 0x00000000e6800000, 0x00000000e6700000| Untracked 
| 104|0x00000000e6800000, 0x00000000e6900000, 0x00000000e6900000|100%| O|  |TAMS 0x00000000e6900000, 0x00000000e6800000| Untracked 
| 105|0x00000000e6900000, 0x00000000e6a00000, 0x00000000e6a00000|100%| O|  |TAMS 0x00000000e6a00000, 0x00000000e6900000| Untracked 
| 106|0x00000000e6a00000, 0x00000000e6b00000, 0x00000000e6b00000|100%| O|  |TAMS 0x00000000e6b00000, 0x00000000e6a00000| Untracked 
| 107|0x00000000e6b00000, 0x00000000e6c00000, 0x00000000e6c00000|100%| O|  |TAMS 0x00000000e6c00000, 0x00000000e6b00000| Untracked 
| 108|0x00000000e6c00000, 0x00000000e6d00000, 0x00000000e6d00000|100%| O|  |TAMS 0x00000000e6d00000, 0x00000000e6c00000| Untracked 
| 109|0x00000000e6d00000, 0x00000000e6e00000, 0x00000000e6e00000|100%| O|  |TAMS 0x00000000e6e00000, 0x00000000e6d00000| Untracked 
| 110|0x00000000e6e00000, 0x00000000e6f00000, 0x00000000e6f00000|100%| O|  |TAMS 0x00000000e6f00000, 0x00000000e6e00000| Untracked 
| 111|0x00000000e6f00000, 0x00000000e7000000, 0x00000000e7000000|100%| O|  |TAMS 0x00000000e7000000, 0x00000000e6f00000| Untracked 
| 112|0x00000000e7000000, 0x00000000e7100000, 0x00000000e7100000|100%| O|  |TAMS 0x00000000e7100000, 0x00000000e7000000| Untracked 
| 113|0x00000000e7100000, 0x00000000e7200000, 0x00000000e7200000|100%| O|  |TAMS 0x00000000e7200000, 0x00000000e7100000| Untracked 
| 114|0x00000000e7200000, 0x00000000e7300000, 0x00000000e7300000|100%| O|  |TAMS 0x00000000e7300000, 0x00000000e7200000| Untracked 
| 115|0x00000000e7300000, 0x00000000e7400000, 0x00000000e7400000|100%| O|  |TAMS 0x00000000e7400000, 0x00000000e7300000| Untracked 
| 116|0x00000000e7400000, 0x00000000e7500000, 0x00000000e7500000|100%| O|  |TAMS 0x00000000e7500000, 0x00000000e7400000| Untracked 
| 117|0x00000000e7500000, 0x00000000e7600000, 0x00000000e7600000|100%| O|  |TAMS 0x00000000e7600000, 0x00000000e7500000| Untracked 
| 118|0x00000000e7600000, 0x00000000e7700000, 0x00000000e7700000|100%| O|  |TAMS 0x00000000e7700000, 0x00000000e7600000| Untracked 
| 119|0x00000000e7700000, 0x00000000e7800000, 0x00000000e7800000|100%| O|  |TAMS 0x00000000e7800000, 0x00000000e7700000| Untracked 
| 120|0x00000000e7800000, 0x00000000e7900000, 0x00000000e7900000|100%| O|  |TAMS 0x00000000e7900000, 0x00000000e7800000| Untracked 
| 121|0x00000000e7900000, 0x00000000e7a00000, 0x00000000e7a00000|100%| O|  |TAMS 0x00000000e7a00000, 0x00000000e7900000| Untracked 
| 122|0x00000000e7a00000, 0x00000000e7b00000, 0x00000000e7b00000|100%| O|  |TAMS 0x00000000e7b00000, 0x00000000e7a00000| Untracked 
| 123|0x00000000e7b00000, 0x00000000e7b00000, 0x00000000e7c00000|  0%| F|  |TAMS 0x00000000e7b00000, 0x00000000e7b00000| Untracked 
| 124|0x00000000e7c00000, 0x00000000e7d00000, 0x00000000e7d00000|100%| O|  |TAMS 0x00000000e7c00000, 0x00000000e7c00000| Untracked 
| 125|0x00000000e7d00000, 0x00000000e7e00000, 0x00000000e7e00000|100%| O|  |TAMS 0x00000000e7d00000, 0x00000000e7d00000| Untracked 
| 126|0x00000000e7e00000, 0x00000000e7f00000, 0x00000000e7f00000|100%| O|  |TAMS 0x00000000e7e00000, 0x00000000e7e00000| Untracked 
| 127|0x00000000e7f00000, 0x00000000e8000000, 0x00000000e8000000|100%| O|  |TAMS 0x00000000e7f00000, 0x00000000e7f00000| Untracked 
| 128|0x00000000e8000000, 0x00000000e8100000, 0x00000000e8100000|100%| O|  |TAMS 0x00000000e8100000, 0x00000000e8000000| Untracked 
| 129|0x00000000e8100000, 0x00000000e8200000, 0x00000000e8200000|100%| O|  |TAMS 0x00000000e8200000, 0x00000000e8100000| Untracked 
| 130|0x00000000e8200000, 0x00000000e8300000, 0x00000000e8300000|100%| O|  |TAMS 0x00000000e8300000, 0x00000000e8200000| Untracked 
| 131|0x00000000e8300000, 0x00000000e8400000, 0x00000000e8400000|100%| O|  |TAMS 0x00000000e8400000, 0x00000000e8300000| Untracked 
| 132|0x00000000e8400000, 0x00000000e8500000, 0x00000000e8500000|100%| O|  |TAMS 0x00000000e8500000, 0x00000000e8400000| Untracked 
| 133|0x00000000e8500000, 0x00000000e8600000, 0x00000000e8600000|100%| O|  |TAMS 0x00000000e8600000, 0x00000000e8500000| Untracked 
| 134|0x00000000e8600000, 0x00000000e8700000, 0x00000000e8700000|100%| O|  |TAMS 0x00000000e8600000, 0x00000000e8600000| Untracked 
| 135|0x00000000e8700000, 0x00000000e8800000, 0x00000000e8800000|100%| O|  |TAMS 0x00000000e8700000, 0x00000000e8700000| Untracked 
| 136|0x00000000e8800000, 0x00000000e8900000, 0x00000000e8900000|100%| O|  |TAMS 0x00000000e8800000, 0x00000000e8800000| Untracked 
| 137|0x00000000e8900000, 0x00000000e8a00000, 0x00000000e8a00000|100%| O|  |TAMS 0x00000000e8900000, 0x00000000e8900000| Untracked 
| 138|0x00000000e8a00000, 0x00000000e8b00000, 0x00000000e8b00000|100%| O|  |TAMS 0x00000000e8a00000, 0x00000000e8a00000| Untracked 
| 139|0x00000000e8b00000, 0x00000000e8c00000, 0x00000000e8c00000|100%| O|  |TAMS 0x00000000e8b00000, 0x00000000e8b00000| Untracked 
| 140|0x00000000e8c00000, 0x00000000e8d00000, 0x00000000e8d00000|100%| O|  |TAMS 0x00000000e8c00000, 0x00000000e8c00000| Untracked 
| 141|0x00000000e8d00000, 0x00000000e8e00000, 0x00000000e8e00000|100%| O|  |TAMS 0x00000000e8d00000, 0x00000000e8d00000| Untracked 
| 142|0x00000000e8e00000, 0x00000000e8f00000, 0x00000000e8f00000|100%| O|  |TAMS 0x00000000e8e00000, 0x00000000e8e00000| Untracked 
| 143|0x00000000e8f00000, 0x00000000e9000000, 0x00000000e9000000|100%| O|  |TAMS 0x00000000e8f00000, 0x00000000e8f00000| Untracked 
| 144|0x00000000e9000000, 0x00000000e9100000, 0x00000000e9100000|100%| O|  |TAMS 0x00000000e9000000, 0x00000000e9000000| Untracked 
| 145|0x00000000e9100000, 0x00000000e9200000, 0x00000000e9200000|100%| O|  |TAMS 0x00000000e9100000, 0x00000000e9100000| Untracked 
| 146|0x00000000e9200000, 0x00000000e9300000, 0x00000000e9300000|100%| O|  |TAMS 0x00000000e9200000, 0x00000000e9200000| Untracked 
| 147|0x00000000e9300000, 0x00000000e9300000, 0x00000000e9400000|  0%| F|  |TAMS 0x00000000e9300000, 0x00000000e9300000| Untracked 
| 148|0x00000000e9400000, 0x00000000e9400000, 0x00000000e9500000|  0%| F|  |TAMS 0x00000000e9400000, 0x00000000e9400000| Untracked 
| 149|0x00000000e9500000, 0x00000000e9500000, 0x00000000e9600000|  0%| F|  |TAMS 0x00000000e9500000, 0x00000000e9500000| Untracked 
| 150|0x00000000e9600000, 0x00000000e9600000, 0x00000000e9700000|  0%| F|  |TAMS 0x00000000e9600000, 0x00000000e9600000| Untracked 
| 151|0x00000000e9700000, 0x00000000e9700000, 0x00000000e9800000|  0%| F|  |TAMS 0x00000000e9700000, 0x00000000e9700000| Untracked 
| 152|0x00000000e9800000, 0x00000000e9800000, 0x00000000e9900000|  0%| F|  |TAMS 0x00000000e9800000, 0x00000000e9800000| Untracked 
| 153|0x00000000e9900000, 0x00000000e9900000, 0x00000000e9a00000|  0%| F|  |TAMS 0x00000000e9900000, 0x00000000e9900000| Untracked 
| 154|0x00000000e9a00000, 0x00000000e9a00000, 0x00000000e9b00000|  0%| F|  |TAMS 0x00000000e9a00000, 0x00000000e9a00000| Untracked 
| 155|0x00000000e9b00000, 0x00000000e9b00000, 0x00000000e9c00000|  0%| F|  |TAMS 0x00000000e9b00000, 0x00000000e9b00000| Untracked 
| 156|0x00000000e9c00000, 0x00000000e9c00000, 0x00000000e9d00000|  0%| F|  |TAMS 0x00000000e9c00000, 0x00000000e9c00000| Untracked 
| 157|0x00000000e9d00000, 0x00000000e9d00000, 0x00000000e9e00000|  0%| F|  |TAMS 0x00000000e9d00000, 0x00000000e9d00000| Untracked 
| 158|0x00000000e9e00000, 0x00000000e9e00000, 0x00000000e9f00000|  0%| F|  |TAMS 0x00000000e9e00000, 0x00000000e9e00000| Untracked 
| 159|0x00000000e9f00000, 0x00000000e9f00000, 0x00000000ea000000|  0%| F|  |TAMS 0x00000000e9f00000, 0x00000000e9f00000| Untracked 
| 160|0x00000000ea000000, 0x00000000ea000000, 0x00000000ea100000|  0%| F|  |TAMS 0x00000000ea000000, 0x00000000ea000000| Untracked 
| 161|0x00000000ea100000, 0x00000000ea100000, 0x00000000ea200000|  0%| F|  |TAMS 0x00000000ea100000, 0x00000000ea100000| Untracked 
| 162|0x00000000ea200000, 0x00000000ea200000, 0x00000000ea300000|  0%| F|  |TAMS 0x00000000ea200000, 0x00000000ea200000| Untracked 
| 163|0x00000000ea300000, 0x00000000ea300000, 0x00000000ea400000|  0%| F|  |TAMS 0x00000000ea300000, 0x00000000ea300000| Untracked 
| 164|0x00000000ea400000, 0x00000000ea400000, 0x00000000ea500000|  0%| F|  |TAMS 0x00000000ea400000, 0x00000000ea400000| Untracked 
| 165|0x00000000ea500000, 0x00000000ea500000, 0x00000000ea600000|  0%| F|  |TAMS 0x00000000ea500000, 0x00000000ea500000| Untracked 
| 166|0x00000000ea600000, 0x00000000ea600000, 0x00000000ea700000|  0%| F|  |TAMS 0x00000000ea600000, 0x00000000ea600000| Untracked 
| 167|0x00000000ea700000, 0x00000000ea700000, 0x00000000ea800000|  0%| F|  |TAMS 0x00000000ea700000, 0x00000000ea700000| Untracked 
| 168|0x00000000ea800000, 0x00000000ea800000, 0x00000000ea900000|  0%| F|  |TAMS 0x00000000ea800000, 0x00000000ea800000| Untracked 
| 169|0x00000000ea900000, 0x00000000ea900000, 0x00000000eaa00000|  0%| F|  |TAMS 0x00000000ea900000, 0x00000000ea900000| Untracked 
| 170|0x00000000eaa00000, 0x00000000eaa00000, 0x00000000eab00000|  0%| F|  |TAMS 0x00000000eaa00000, 0x00000000eaa00000| Untracked 
| 171|0x00000000eab00000, 0x00000000eab00000, 0x00000000eac00000|  0%| F|  |TAMS 0x00000000eab00000, 0x00000000eab00000| Untracked 
| 172|0x00000000eac00000, 0x00000000eac00000, 0x00000000ead00000|  0%| F|  |TAMS 0x00000000eac00000, 0x00000000eac00000| Untracked 
| 173|0x00000000ead00000, 0x00000000ead00000, 0x00000000eae00000|  0%| F|  |TAMS 0x00000000ead00000, 0x00000000ead00000| Untracked 
| 174|0x00000000eae00000, 0x00000000eae00000, 0x00000000eaf00000|  0%| F|  |TAMS 0x00000000eae00000, 0x00000000eae00000| Untracked 
| 175|0x00000000eaf00000, 0x00000000eaf00000, 0x00000000eb000000|  0%| F|  |TAMS 0x00000000eaf00000, 0x00000000eaf00000| Untracked 
| 176|0x00000000eb000000, 0x00000000eb000000, 0x00000000eb100000|  0%| F|  |TAMS 0x00000000eb000000, 0x00000000eb000000| Untracked 
| 177|0x00000000eb100000, 0x00000000eb100000, 0x00000000eb200000|  0%| F|  |TAMS 0x00000000eb100000, 0x00000000eb100000| Untracked 
| 178|0x00000000eb200000, 0x00000000eb200000, 0x00000000eb300000|  0%| F|  |TAMS 0x00000000eb200000, 0x00000000eb200000| Untracked 
| 179|0x00000000eb300000, 0x00000000eb300000, 0x00000000eb400000|  0%| F|  |TAMS 0x00000000eb300000, 0x00000000eb300000| Untracked 
| 180|0x00000000eb400000, 0x00000000eb400000, 0x00000000eb500000|  0%| F|  |TAMS 0x00000000eb400000, 0x00000000eb400000| Untracked 
| 181|0x00000000eb500000, 0x00000000eb500000, 0x00000000eb600000|  0%| F|  |TAMS 0x00000000eb500000, 0x00000000eb500000| Untracked 
| 182|0x00000000eb600000, 0x00000000eb600000, 0x00000000eb700000|  0%| F|  |TAMS 0x00000000eb600000, 0x00000000eb600000| Untracked 
| 183|0x00000000eb700000, 0x00000000eb700000, 0x00000000eb800000|  0%| F|  |TAMS 0x00000000eb700000, 0x00000000eb700000| Untracked 
| 184|0x00000000eb800000, 0x00000000eb800000, 0x00000000eb900000|  0%| F|  |TAMS 0x00000000eb800000, 0x00000000eb800000| Untracked 
| 185|0x00000000eb900000, 0x00000000eb900000, 0x00000000eba00000|  0%| F|  |TAMS 0x00000000eb900000, 0x00000000eb900000| Untracked 
| 186|0x00000000eba00000, 0x00000000eba00000, 0x00000000ebb00000|  0%| F|  |TAMS 0x00000000eba00000, 0x00000000eba00000| Untracked 
| 187|0x00000000ebb00000, 0x00000000ebb00000, 0x00000000ebc00000|  0%| F|  |TAMS 0x00000000ebb00000, 0x00000000ebb00000| Untracked 
| 188|0x00000000ebc00000, 0x00000000ebc00000, 0x00000000ebd00000|  0%| F|  |TAMS 0x00000000ebc00000, 0x00000000ebc00000| Untracked 
| 189|0x00000000ebd00000, 0x00000000ebd81c20, 0x00000000ebe00000| 50%| E|  |TAMS 0x00000000ebd00000, 0x00000000ebd00000| Complete 
| 190|0x00000000ebe00000, 0x00000000ebf00000, 0x00000000ebf00000|100%| E|CS|TAMS 0x00000000ebe00000, 0x00000000ebe00000| Complete 
| 191|0x00000000ebf00000, 0x00000000ec000000, 0x00000000ec000000|100%| E|CS|TAMS 0x00000000ebf00000, 0x00000000ebf00000| Complete 
| 192|0x00000000ec000000, 0x00000000ec100000, 0x00000000ec100000|100%| E|CS|TAMS 0x00000000ec000000, 0x00000000ec000000| Complete 
| 193|0x00000000ec100000, 0x00000000ec200000, 0x00000000ec200000|100%| E|CS|TAMS 0x00000000ec100000, 0x00000000ec100000| Complete 
| 194|0x00000000ec200000, 0x00000000ec300000, 0x00000000ec300000|100%| E|CS|TAMS 0x00000000ec200000, 0x00000000ec200000| Complete 
| 195|0x00000000ec300000, 0x00000000ec400000, 0x00000000ec400000|100%| E|CS|TAMS 0x00000000ec300000, 0x00000000ec300000| Complete 
| 196|0x00000000ec400000, 0x00000000ec500000, 0x00000000ec500000|100%| E|CS|TAMS 0x00000000ec400000, 0x00000000ec400000| Complete 
| 197|0x00000000ec500000, 0x00000000ec600000, 0x00000000ec600000|100%| E|CS|TAMS 0x00000000ec500000, 0x00000000ec500000| Complete 
| 198|0x00000000ec600000, 0x00000000ec700000, 0x00000000ec700000|100%| E|CS|TAMS 0x00000000ec600000, 0x00000000ec600000| Complete 
| 199|0x00000000ec700000, 0x00000000ec800000, 0x00000000ec800000|100%| E|CS|TAMS 0x00000000ec700000, 0x00000000ec700000| Complete 
| 200|0x00000000ec800000, 0x00000000ec900000, 0x00000000ec900000|100%| E|CS|TAMS 0x00000000ec800000, 0x00000000ec800000| Complete 
| 201|0x00000000ec900000, 0x00000000eca00000, 0x00000000eca00000|100%| E|CS|TAMS 0x00000000ec900000, 0x00000000ec900000| Complete 
| 202|0x00000000eca00000, 0x00000000ecb00000, 0x00000000ecb00000|100%| E|CS|TAMS 0x00000000eca00000, 0x00000000eca00000| Complete 
| 203|0x00000000ecb00000, 0x00000000ecc00000, 0x00000000ecc00000|100%| E|CS|TAMS 0x00000000ecb00000, 0x00000000ecb00000| Complete 
| 204|0x00000000ecc00000, 0x00000000ecd00000, 0x00000000ecd00000|100%| E|CS|TAMS 0x00000000ecc00000, 0x00000000ecc00000| Complete 
| 205|0x00000000ecd00000, 0x00000000ece00000, 0x00000000ece00000|100%| E|CS|TAMS 0x00000000ecd00000, 0x00000000ecd00000| Complete 
| 206|0x00000000ece00000, 0x00000000ecf00000, 0x00000000ecf00000|100%| E|CS|TAMS 0x00000000ece00000, 0x00000000ece00000| Complete 
| 207|0x00000000ecf00000, 0x00000000ed000000, 0x00000000ed000000|100%| E|CS|TAMS 0x00000000ecf00000, 0x00000000ecf00000| Complete 
| 208|0x00000000ed000000, 0x00000000ed100000, 0x00000000ed100000|100%| E|CS|TAMS 0x00000000ed000000, 0x00000000ed000000| Complete 
| 209|0x00000000ed100000, 0x00000000ed200000, 0x00000000ed200000|100%| E|CS|TAMS 0x00000000ed100000, 0x00000000ed100000| Complete 
| 210|0x00000000ed200000, 0x00000000ed300000, 0x00000000ed300000|100%| E|CS|TAMS 0x00000000ed200000, 0x00000000ed200000| Complete 
| 211|0x00000000ed300000, 0x00000000ed400000, 0x00000000ed400000|100%| E|CS|TAMS 0x00000000ed300000, 0x00000000ed300000| Complete 
| 212|0x00000000ed400000, 0x00000000ed500000, 0x00000000ed500000|100%| E|CS|TAMS 0x00000000ed400000, 0x00000000ed400000| Complete 
| 213|0x00000000ed500000, 0x00000000ed600000, 0x00000000ed600000|100%| E|CS|TAMS 0x00000000ed500000, 0x00000000ed500000| Complete 
| 214|0x00000000ed600000, 0x00000000ed700000, 0x00000000ed700000|100%| E|CS|TAMS 0x00000000ed600000, 0x00000000ed600000| Complete 
| 215|0x00000000ed700000, 0x00000000ed800000, 0x00000000ed800000|100%| E|CS|TAMS 0x00000000ed700000, 0x00000000ed700000| Complete 
| 216|0x00000000ed800000, 0x00000000ed900000, 0x00000000ed900000|100%| E|CS|TAMS 0x00000000ed800000, 0x00000000ed800000| Complete 
| 217|0x00000000ed900000, 0x00000000eda00000, 0x00000000eda00000|100%| E|CS|TAMS 0x00000000ed900000, 0x00000000ed900000| Complete 
| 218|0x00000000eda00000, 0x00000000edb00000, 0x00000000edb00000|100%| E|CS|TAMS 0x00000000eda00000, 0x00000000eda00000| Complete 
| 219|0x00000000edb00000, 0x00000000edc00000, 0x00000000edc00000|100%| E|CS|TAMS 0x00000000edb00000, 0x00000000edb00000| Complete 
| 220|0x00000000edc00000, 0x00000000edd00000, 0x00000000edd00000|100%| E|CS|TAMS 0x00000000edc00000, 0x00000000edc00000| Complete 
| 221|0x00000000edd00000, 0x00000000ede00000, 0x00000000ede00000|100%| E|CS|TAMS 0x00000000edd00000, 0x00000000edd00000| Complete 
| 222|0x00000000ede00000, 0x00000000edf00000, 0x00000000edf00000|100%| E|CS|TAMS 0x00000000ede00000, 0x00000000ede00000| Complete 
| 223|0x00000000edf00000, 0x00000000ee000000, 0x00000000ee000000|100%| E|CS|TAMS 0x00000000edf00000, 0x00000000edf00000| Complete 
| 224|0x00000000ee000000, 0x00000000ee100000, 0x00000000ee100000|100%| E|CS|TAMS 0x00000000ee000000, 0x00000000ee000000| Complete 
| 225|0x00000000ee100000, 0x00000000ee200000, 0x00000000ee200000|100%| E|CS|TAMS 0x00000000ee100000, 0x00000000ee100000| Complete 
| 226|0x00000000ee200000, 0x00000000ee300000, 0x00000000ee300000|100%| E|CS|TAMS 0x00000000ee200000, 0x00000000ee200000| Complete 
| 227|0x00000000ee300000, 0x00000000ee400000, 0x00000000ee400000|100%| E|CS|TAMS 0x00000000ee300000, 0x00000000ee300000| Complete 
| 228|0x00000000ee400000, 0x00000000ee500000, 0x00000000ee500000|100%| E|CS|TAMS 0x00000000ee400000, 0x00000000ee400000| Complete 
| 229|0x00000000ee500000, 0x00000000ee600000, 0x00000000ee600000|100%| E|CS|TAMS 0x00000000ee500000, 0x00000000ee500000| Complete 
| 230|0x00000000ee600000, 0x00000000ee700000, 0x00000000ee700000|100%| E|CS|TAMS 0x00000000ee600000, 0x00000000ee600000| Complete 
| 231|0x00000000ee700000, 0x00000000ee800000, 0x00000000ee800000|100%| E|CS|TAMS 0x00000000ee700000, 0x00000000ee700000| Complete 
| 232|0x00000000ee800000, 0x00000000ee900000, 0x00000000ee900000|100%| E|CS|TAMS 0x00000000ee800000, 0x00000000ee800000| Complete 
| 233|0x00000000ee900000, 0x00000000eea00000, 0x00000000eea00000|100%| E|CS|TAMS 0x00000000ee900000, 0x00000000ee900000| Complete 
| 234|0x00000000eea00000, 0x00000000eeb00000, 0x00000000eeb00000|100%| E|CS|TAMS 0x00000000eea00000, 0x00000000eea00000| Complete 
| 235|0x00000000eeb00000, 0x00000000eec00000, 0x00000000eec00000|100%| E|CS|TAMS 0x00000000eeb00000, 0x00000000eeb00000| Complete 
| 236|0x00000000eec00000, 0x00000000eed00000, 0x00000000eed00000|100%| E|CS|TAMS 0x00000000eec00000, 0x00000000eec00000| Complete 
| 237|0x00000000eed00000, 0x00000000eee00000, 0x00000000eee00000|100%| E|CS|TAMS 0x00000000eed00000, 0x00000000eed00000| Complete 
| 238|0x00000000eee00000, 0x00000000eef00000, 0x00000000eef00000|100%| E|CS|TAMS 0x00000000eee00000, 0x00000000eee00000| Complete 
| 239|0x00000000eef00000, 0x00000000ef000000, 0x00000000ef000000|100%| E|CS|TAMS 0x00000000eef00000, 0x00000000eef00000| Complete 
| 240|0x00000000ef000000, 0x00000000ef100000, 0x00000000ef100000|100%| E|CS|TAMS 0x00000000ef000000, 0x00000000ef000000| Complete 
| 241|0x00000000ef100000, 0x00000000ef200000, 0x00000000ef200000|100%| E|CS|TAMS 0x00000000ef100000, 0x00000000ef100000| Complete 
| 242|0x00000000ef200000, 0x00000000ef300000, 0x00000000ef300000|100%| E|CS|TAMS 0x00000000ef200000, 0x00000000ef200000| Complete 
| 243|0x00000000ef300000, 0x00000000ef400000, 0x00000000ef400000|100%| E|CS|TAMS 0x00000000ef300000, 0x00000000ef300000| Complete 
| 244|0x00000000ef400000, 0x00000000ef500000, 0x00000000ef500000|100%| E|CS|TAMS 0x00000000ef400000, 0x00000000ef400000| Complete 
| 245|0x00000000ef500000, 0x00000000ef600000, 0x00000000ef600000|100%| E|CS|TAMS 0x00000000ef500000, 0x00000000ef500000| Complete 
| 246|0x00000000ef600000, 0x00000000ef618668, 0x00000000ef700000|  9%| S|CS|TAMS 0x00000000ef600000, 0x00000000ef600000| Complete 
| 247|0x00000000ef700000, 0x00000000ef800000, 0x00000000ef800000|100%| S|CS|TAMS 0x00000000ef700000, 0x00000000ef700000| Complete 
| 248|0x00000000ef800000, 0x00000000ef900000, 0x00000000ef900000|100%| E|CS|TAMS 0x00000000ef800000, 0x00000000ef800000| Complete 
| 249|0x00000000ef900000, 0x00000000efa00000, 0x00000000efa00000|100%| E|CS|TAMS 0x00000000ef900000, 0x00000000ef900000| Complete 
| 250|0x00000000efa00000, 0x00000000efb00000, 0x00000000efb00000|100%| E|CS|TAMS 0x00000000efa00000, 0x00000000efa00000| Complete 
| 251|0x00000000efb00000, 0x00000000efc00000, 0x00000000efc00000|100%| E|CS|TAMS 0x00000000efb00000, 0x00000000efb00000| Complete 
| 252|0x00000000efc00000, 0x00000000efd00000, 0x00000000efd00000|100%| E|CS|TAMS 0x00000000efc00000, 0x00000000efc00000| Complete 
| 253|0x00000000efd00000, 0x00000000efe00000, 0x00000000efe00000|100%| E|CS|TAMS 0x00000000efd00000, 0x00000000efd00000| Complete 
| 254|0x00000000efe00000, 0x00000000eff00000, 0x00000000eff00000|100%| E|CS|TAMS 0x00000000efe00000, 0x00000000efe00000| Complete 
| 255|0x00000000eff00000, 0x00000000f0000000, 0x00000000f0000000|100%| E|CS|TAMS 0x00000000eff00000, 0x00000000eff00000| Complete 

Card table byte_map: [0x00000143aceb0000,0x00000143acfb0000] _byte_map_base: 0x00000143ac7b0000

Marking Bits (Prev, Next): (CMBitMap*) 0x000001439a34c330, (CMBitMap*) 0x000001439a34c2f0
 Prev Bits: [0x00000143ad8b0000, 0x00000143ae0b0000)
 Next Bits: [0x00000143ad0b0000, 0x00000143ad8b0000)

Polling page: 0x0000014399ae0000

Metaspace:

Usage:
  Non-class:     84.65 MB used.
      Class:     12.97 MB used.
       Both:     97.62 MB used.

Virtual space:
  Non-class space:       88.00 MB reserved,      85.31 MB ( 97%) committed,  11 nodes.
      Class space:      208.00 MB reserved,      13.56 MB (  7%) committed,  1 nodes.
             Both:      296.00 MB reserved,      98.88 MB ( 33%) committed. 

Chunk freelists:
   Non-Class:  1.84 MB
       Class:  2.47 MB
        Both:  4.31 MB

MaxMetaspaceSize: 256.00 MB
CompressedClassSpaceSize: 208.00 MB
Initial GC threshold: 21.00 MB
Current GC threshold: 150.94 MB
CDS: off
MetaspaceReclaimPolicy: balanced
 - commit_granule_bytes: 65536.
 - commit_granule_words: 8192.
 - virtual_space_node_default_size: 1048576.
 - enlarge_chunks_in_place: 1.
 - new_chunks_are_fully_committed: 0.
 - uncommit_free_chunks: 1.
 - use_allocation_guard: 0.
 - handle_deallocations: 1.


Internal statistics:

num_allocs_failed_limit: 12.
num_arena_births: 1988.
num_arena_deaths: 0.
num_vsnodes_births: 12.
num_vsnodes_deaths: 0.
num_space_committed: 1582.
num_space_uncommitted: 0.
num_chunks_returned_to_freelist: 12.
num_chunks_taken_from_freelist: 5990.
num_chunk_merges: 9.
num_chunk_splits: 3588.
num_chunks_enlarged: 1874.
num_purges: 0.
num_inconsistent_stats: 0.

CodeHeap 'non-profiled nmethods': size=120000Kb used=7805Kb max_used=7805Kb free=112194Kb
 bounds [0x00000143a5550000, 0x00000143a5cf0000, 0x00000143aca80000]
CodeHeap 'profiled nmethods': size=120000Kb used=25180Kb max_used=25180Kb free=94819Kb
 bounds [0x000001439da80000, 0x000001439f320000, 0x00000143a4fb0000]
CodeHeap 'non-nmethods': size=5760Kb used=2427Kb max_used=2522Kb free=3332Kb
 bounds [0x00000143a4fb0000, 0x00000143a5260000, 0x00000143a5550000]
 total_blobs=13251 nmethods=12285 adapters=878
 compilation: enabled
              stopped_count=0, restarted_count=0
 full_count=0

Compilation events (20 events):
Event: 712.480 Thread 0x00000143b147b170 nmethod 13751 0x000001439f314f90 code [0x000001439f315140, 0x000001439f315538]
Event: 712.484 Thread 0x00000143b147b170 13753       3       org.gradle.internal.service.DefaultServiceRegistry$FactoryService::getAll (26 bytes)
Event: 712.485 Thread 0x00000143b147b170 nmethod 13753 0x000001439f315690 code [0x000001439f315880, 0x000001439f315c58]
Event: 712.487 Thread 0x00000143b147a870 nmethod 13738 0x00000143a5ce0890 code [0x00000143a5ce0b20, 0x00000143a5ce2f68]
Event: 712.487 Thread 0x00000143b147a870 13693       4       org.codehaus.groovy.runtime.metaclass.MetaMethodIndex::isNonRealMethod (55 bytes)
Event: 712.488 Thread 0x00000143b147a870 nmethod 13693 0x00000143a5ce4690 code [0x00000143a5ce4820, 0x00000143a5ce4958]
Event: 712.488 Thread 0x00000143b147a870 13732       4       org.codehaus.groovy.reflection.CachedClass$3$$Lambda$337/0x00000001004fbb88::apply (12 bytes)
Event: 712.488 Thread 0x00000143b147b170 13754       3       com.esotericsoftware.kryo.io.Input::require (220 bytes)
Event: 712.488 Thread 0x00000143b147b170 nmethod 13754 0x000001439f315e10 code [0x000001439f3160a0, 0x000001439f316978]
Event: 712.489 Thread 0x00000143b147a870 nmethod 13732 0x00000143a5ce4a90 code [0x00000143a5ce4c20, 0x00000143a5ce4d78]
Event: 712.489 Thread 0x00000143b147a870 13717       4       org.gradle.internal.service.DefaultServiceRegistry::assertMutable (46 bytes)
Event: 712.489 Thread 0x00000143b147a870 nmethod 13717 0x00000143a5ce4e90 code [0x00000143a5ce5000, 0x00000143a5ce50b8]
Event: 712.489 Thread 0x00000143b147a870 13750       4       sun.reflect.generics.tree.ClassTypeSignature::accept (8 bytes)
Event: 712.489 Thread 0x00000143b147b170 13755       3       org.apache.commons.logging.impl.SLF4JLog::isDebugEnabled (10 bytes)
Event: 712.489 Thread 0x00000143b147b170 nmethod 13755 0x000001439f316c10 code [0x000001439f316dc0, 0x000001439f316f88]
Event: 712.489 Thread 0x00000143b147a870 nmethod 13750 0x00000143a5ce5190 code [0x00000143a5ce5320, 0x00000143a5ce5408]
Event: 712.489 Thread 0x00000143b147a870 13752       4       com.sun.beans.TypeResolver::erase (154 bytes)
Event: 712.496 Thread 0x00000143b147a870 nmethod 13752 0x00000143a5ce5510 code [0x00000143a5ce5780, 0x00000143a5ce6300]
Event: 712.509 Thread 0x00000143b4b61ee0 nmethod 13746 0x00000143a5ce6990 code [0x00000143a5ce6c00, 0x00000143a5ce8c90]
Event: 712.516 Thread 0x00000143b4b62900 nmethod 13692 0x00000143a5ce9610 code [0x00000143a5ce9920, 0x00000143a5ced8d0]

GC Heap History (20 events):
Event: 2.990 GC heap before
{Heap before GC invocations=5 (full 0):
 garbage-first heap   total 262144K, used 52853K [0x00000000e0000000, 0x0000000100000000)
  region size 1024K, 17 young (17408K), 16 survivors (16384K)
 Metaspace       used 36033K, committed 36288K, reserved 245760K
  class space    used 4933K, committed 5056K, reserved 212992K
}
Event: 2.995 GC heap after
{Heap after GC invocations=6 (full 0):
 garbage-first heap   total 262144K, used 54392K [0x00000000e0000000, 0x0000000100000000)
  region size 1024K, 2 young (2048K), 2 survivors (2048K)
 Metaspace       used 36033K, committed 36288K, reserved 245760K
  class space    used 4933K, committed 5056K, reserved 212992K
}
Event: 3.001 GC heap before
{Heap before GC invocations=6 (full 0):
 garbage-first heap   total 262144K, used 54392K [0x00000000e0000000, 0x0000000100000000)
  region size 1024K, 3 young (3072K), 2 survivors (2048K)
 Metaspace       used 36127K, committed 36416K, reserved 245760K
  class space    used 4936K, committed 5056K, reserved 212992K
}
Event: 3.002 GC heap after
{Heap after GC invocations=7 (full 0):
 garbage-first heap   total 262144K, used 52984K [0x00000000e0000000, 0x0000000100000000)
  region size 1024K, 1 young (1024K), 1 survivors (1024K)
 Metaspace       used 36127K, committed 36416K, reserved 245760K
  class space    used 4936K, committed 5056K, reserved 212992K
}
Event: 5.427 GC heap before
{Heap before GC invocations=8 (full 0):
 garbage-first heap   total 262144K, used 201464K [0x00000000e0000000, 0x0000000100000000)
  region size 1024K, 138 young (141312K), 1 survivors (1024K)
 Metaspace       used 55466K, committed 55936K, reserved 262144K
  class space    used 7211K, committed 7424K, reserved 212992K
}
Event: 5.433 GC heap after
{Heap after GC invocations=9 (full 0):
 garbage-first heap   total 262144K, used 72571K [0x00000000e0000000, 0x0000000100000000)
  region size 1024K, 15 young (15360K), 15 survivors (15360K)
 Metaspace       used 55466K, committed 55936K, reserved 262144K
  class space    used 7211K, committed 7424K, reserved 212992K
}
Event: 6.657 GC heap before
{Heap before GC invocations=9 (full 0):
 garbage-first heap   total 262144K, used 116603K [0x00000000e0000000, 0x0000000100000000)
  region size 1024K, 59 young (60416K), 15 survivors (15360K)
 Metaspace       used 60608K, committed 61120K, reserved 270336K
  class space    used 7978K, committed 8192K, reserved 212992K
}
Event: 6.663 GC heap after
{Heap after GC invocations=10 (full 0):
 garbage-first heap   total 262144K, used 76211K [0x00000000e0000000, 0x0000000100000000)
  region size 1024K, 5 young (5120K), 5 survivors (5120K)
 Metaspace       used 60608K, committed 61120K, reserved 270336K
  class space    used 7978K, committed 8192K, reserved 212992K
}
Event: 8.565 GC heap before
{Heap before GC invocations=11 (full 0):
 garbage-first heap   total 262144K, used 206259K [0x00000000e0000000, 0x0000000100000000)
  region size 1024K, 128 young (131072K), 5 survivors (5120K)
 Metaspace       used 70243K, committed 70912K, reserved 278528K
  class space    used 9330K, committed 9664K, reserved 212992K
}
Event: 8.572 GC heap after
{Heap after GC invocations=12 (full 0):
 garbage-first heap   total 262144K, used 92390K [0x00000000e0000000, 0x0000000100000000)
  region size 1024K, 16 young (16384K), 16 survivors (16384K)
 Metaspace       used 70243K, committed 70912K, reserved 278528K
  class space    used 9330K, committed 9664K, reserved 212992K
}
Event: 10.745 GC heap before
{Heap before GC invocations=12 (full 0):
 garbage-first heap   total 262144K, used 227558K [0x00000000e0000000, 0x0000000100000000)
  region size 1024K, 122 young (124928K), 16 survivors (16384K)
 Metaspace       used 79465K, committed 80256K, reserved 286720K
  class space    used 10448K, committed 10816K, reserved 212992K
}
Event: 10.754 GC heap after
{Heap after GC invocations=13 (full 0):
 garbage-first heap   total 262144K, used 133089K [0x00000000e0000000, 0x0000000100000000)
  region size 1024K, 13 young (13312K), 13 survivors (13312K)
 Metaspace       used 79465K, committed 80256K, reserved 286720K
  class space    used 10448K, committed 10816K, reserved 212992K
}
Event: 11.857 GC heap before
{Heap before GC invocations=13 (full 0):
 garbage-first heap   total 262144K, used 212961K [0x00000000e0000000, 0x0000000100000000)
  region size 1024K, 91 young (93184K), 13 survivors (13312K)
 Metaspace       used 87507K, committed 88320K, reserved 294912K
  class space    used 11521K, committed 11904K, reserved 212992K
}
Event: 11.862 GC heap after
{Heap after GC invocations=14 (full 0):
 garbage-first heap   total 262144K, used 139356K [0x00000000e0000000, 0x0000000100000000)
  region size 1024K, 7 young (7168K), 7 survivors (7168K)
 Metaspace       used 87507K, committed 88320K, reserved 294912K
  class space    used 11521K, committed 11904K, reserved 212992K
}
Event: 12.562 GC heap before
{Heap before GC invocations=15 (full 0):
 garbage-first heap   total 262144K, used 210012K [0x00000000e0000000, 0x0000000100000000)
  region size 1024K, 78 young (79872K), 7 survivors (7168K)
 Metaspace       used 91333K, committed 92480K, reserved 294912K
  class space    used 12041K, committed 12608K, reserved 212992K
}
Event: 12.568 GC heap after
{Heap after GC invocations=16 (full 0):
 garbage-first heap   total 262144K, used 146498K [0x00000000e0000000, 0x0000000100000000)
  region size 1024K, 8 young (8192K), 8 survivors (8192K)
 Metaspace       used 91333K, committed 92480K, reserved 294912K
  class space    used 12041K, committed 12608K, reserved 212992K
}
Event: 710.310 GC heap before
{Heap before GC invocations=17 (full 0):
 garbage-first heap   total 262144K, used 215106K [0x00000000e0000000, 0x0000000100000000)
  region size 1024K, 75 young (76800K), 8 survivors (8192K)
 Metaspace       used 95441K, committed 96576K, reserved 303104K
  class space    used 12676K, committed 13184K, reserved 212992K
}
Event: 710.316 GC heap after
{Heap after GC invocations=18 (full 0):
 garbage-first heap   total 262144K, used 150480K [0x00000000e0000000, 0x0000000100000000)
  region size 1024K, 4 young (4096K), 4 survivors (4096K)
 Metaspace       used 95441K, committed 96576K, reserved 303104K
  class space    used 12676K, committed 13184K, reserved 212992K
}
Event: 710.417 GC heap before
{Heap before GC invocations=18 (full 0):
 garbage-first heap   total 262144K, used 157648K [0x00000000e0000000, 0x0000000100000000)
  region size 1024K, 12 young (12288K), 4 survivors (4096K)
 Metaspace       used 96690K, committed 97792K, reserved 303104K
  class space    used 12812K, committed 13312K, reserved 212992K
}
Event: 710.420 GC heap after
{Heap after GC invocations=19 (full 0):
 garbage-first heap   total 262144K, used 150625K [0x00000000e0000000, 0x0000000100000000)
  region size 1024K, 2 young (2048K), 2 survivors (2048K)
 Metaspace       used 96690K, committed 97792K, reserved 303104K
  class space    used 12812K, committed 13312K, reserved 212992K
}

Dll operation events (2 events):
Event: 0.005 Loaded shared library D:\Program Files\JetBrains\IntelliJ IDEA Community Edition 2022.3.2\jbr\bin\java.dll
Event: 0.242 Loaded shared library D:\Program Files\JetBrains\IntelliJ IDEA Community Edition 2022.3.2\jbr\bin\verify.dll

Deoptimization events (20 events):
Event: 712.379 Thread 0x00000143ba513090 Uncommon trap: trap_request=0xffffff45 fr.pc=0x00000143a59286c8 relative=0x0000000000000ba8
Event: 712.379 Thread 0x00000143ba513090 Uncommon trap: reason=unstable_if action=reinterpret pc=0x00000143a59286c8 method=java.net.URLStreamHandler.sameFile(Ljava/net/URL;Ljava/net/URL;)Z @ 63 c2
Event: 712.379 Thread 0x00000143ba513090 DEOPT PACKING pc=0x00000143a59286c8 sp=0x0000001a12bfc5f0
Event: 712.379 Thread 0x00000143ba513090 DEOPT UNPACKING pc=0x00000143a50069a3 sp=0x0000001a12bfc4b8 mode 2
Event: 712.379 Thread 0x00000143ba513090 Uncommon trap: trap_request=0xffffff45 fr.pc=0x00000143a5926dcc relative=0x0000000000000a2c
Event: 712.379 Thread 0x00000143ba513090 Uncommon trap: reason=unstable_if action=reinterpret pc=0x00000143a5926dcc method=java.net.URLStreamHandler.sameFile(Ljava/net/URL;Ljava/net/URL;)Z @ 63 c2
Event: 712.379 Thread 0x00000143ba513090 DEOPT PACKING pc=0x00000143a5926dcc sp=0x0000001a12bfc4e0
Event: 712.379 Thread 0x00000143ba513090 DEOPT UNPACKING pc=0x00000143a50069a3 sp=0x0000001a12bfc488 mode 2
Event: 712.382 Thread 0x00000143ba513090 Uncommon trap: trap_request=0xffffffc6 fr.pc=0x00000143a585497c relative=0x000000000000091c
Event: 712.382 Thread 0x00000143ba513090 Uncommon trap: reason=bimorphic_or_optimized_type_check action=maybe_recompile pc=0x00000143a585497c method=java.io.DataInputStream.readChar()C @ 4 c2
Event: 712.382 Thread 0x00000143ba513090 DEOPT PACKING pc=0x00000143a585497c sp=0x0000001a12bfb530
Event: 712.382 Thread 0x00000143ba513090 DEOPT UNPACKING pc=0x00000143a50069a3 sp=0x0000001a12bfb500 mode 2
Event: 712.415 Thread 0x00000143b81692e0 Uncommon trap: trap_request=0xffffff45 fr.pc=0x00000143a5a9d4d4 relative=0x00000000000004b4
Event: 712.415 Thread 0x00000143b81692e0 Uncommon trap: reason=unstable_if action=reinterpret pc=0x00000143a5a9d4d4 method=java.util.concurrent.ConcurrentLinkedQueue.poll()Ljava/lang/Object; @ 24 c2
Event: 712.415 Thread 0x00000143b81692e0 DEOPT PACKING pc=0x00000143a5a9d4d4 sp=0x0000001a14bfe700
Event: 712.415 Thread 0x00000143b81692e0 DEOPT UNPACKING pc=0x00000143a50069a3 sp=0x0000001a14bfe6a8 mode 2
Event: 712.430 Thread 0x00000143b816afc0 Uncommon trap: trap_request=0xffffff45 fr.pc=0x00000143a5c207a8 relative=0x0000000000000388
Event: 712.430 Thread 0x00000143b816afc0 Uncommon trap: reason=unstable_if action=reinterpret pc=0x00000143a5c207a8 method=java.util.concurrent.ConcurrentLinkedQueue.offer(Ljava/lang/Object;)Z @ 42 c2
Event: 712.430 Thread 0x00000143b816afc0 DEOPT PACKING pc=0x00000143a5c207a8 sp=0x0000001a147fe970
Event: 712.430 Thread 0x00000143b816afc0 DEOPT UNPACKING pc=0x00000143a50069a3 sp=0x0000001a147fe920 mode 2

Classes unloaded (0 events):
No events

Classes redefined (0 events):
No events

Internal exceptions (20 events):
Event: 712.463 Thread 0x00000143ba513090 Exception <a 'java/lang/ClassNotFoundException'{0x00000000ec07d270}: org/jetbrains/plugins/gradle/tooling/builder/ScalaModelBuilderImplBeanInfo> (0x00000000ec07d270) 
thrown [s\src\hotspot\share\classfile\systemDictionary.cpp, line 256]
Event: 712.463 Thread 0x00000143ba513090 Exception <a 'java/lang/ClassNotFoundException'{0x00000000ec085ca0}: org/jetbrains/plugins/gradle/tooling/builder/ScalaModelBuilderImplCustomizer> (0x00000000ec085ca0) 
thrown [s\src\hotspot\share\classfile\systemDictionary.cpp, line 256]
Event: 712.466 Thread 0x00000143ba513090 Exception <a 'java/lang/ClassNotFoundException'{0x00000000ec0e1248}: org/jetbrains/plugins/gradle/tooling/builder/ExternalProjectBuilderImpl$1BeanInfo> (0x00000000ec0e1248) 
thrown [s\src\hotspot\share\classfile\systemDictionary.cpp, line 256]
Event: 712.466 Thread 0x00000143ba513090 Exception <a 'java/lang/ClassNotFoundException'{0x00000000ec0e99a0}: org/jetbrains/plugins/gradle/tooling/builder/ExternalProjectBuilderImpl$1Customizer> (0x00000000ec0e99a0) 
thrown [s\src\hotspot\share\classfile\systemDictionary.cpp, line 256]
Event: 712.470 Thread 0x00000143ba513090 Exception <a 'java/lang/ClassNotFoundException'{0x00000000ebf2f358}: org/jetbrains/plugins/gradle/tooling/builder/ExternalProjectBuilderImplBeanInfo> (0x00000000ebf2f358) 
thrown [s\src\hotspot\share\classfile\systemDictionary.cpp, line 256]
Event: 712.470 Thread 0x00000143ba513090 Exception <a 'java/lang/ClassNotFoundException'{0x00000000ebf37a98}: org/jetbrains/plugins/gradle/tooling/builder/ExternalProjectBuilderImplCustomizer> (0x00000000ebf37a98) 
thrown [s\src\hotspot\share\classfile\systemDictionary.cpp, line 256]
Event: 712.474 Thread 0x00000143ba513090 Exception <a 'java/lang/ClassNotFoundException'{0x00000000ebfaee58}: org/jetbrains/plugins/gradle/tooling/tasks/DependenciesReport$ReportGeneratorBeanInfo> (0x00000000ebfaee58) 
thrown [s\src\hotspot\share\classfile\systemDictionary.cpp, line 256]
Event: 712.474 Thread 0x00000143ba513090 Exception <a 'java/lang/ClassNotFoundException'{0x00000000ebfb75b8}: org/jetbrains/plugins/gradle/tooling/tasks/DependenciesReport$ReportGeneratorCustomizer> (0x00000000ebfb75b8) 
thrown [s\src\hotspot\share\classfile\systemDictionary.cpp, line 256]
Event: 712.475 Thread 0x00000143ba513090 Exception <a 'java/lang/ClassNotFoundException'{0x00000000ebfdb420}: org/jetbrains/plugins/gradle/tooling/builder/DependencyGraphModelBuilderImplBeanInfo> (0x00000000ebfdb420) 
thrown [s\src\hotspot\share\classfile\systemDictionary.cpp, line 256]
Event: 712.475 Thread 0x00000143ba513090 Exception <a 'java/lang/ClassNotFoundException'{0x00000000ebfe3b78}: org/jetbrains/plugins/gradle/tooling/builder/DependencyGraphModelBuilderImplCustomizer> (0x00000000ebfe3b78) 
thrown [s\src\hotspot\share\classfile\systemDictionary.cpp, line 256]
Event: 712.477 Thread 0x00000143ba513090 Exception <a 'java/lang/ClassNotFoundException'{0x00000000ebe15c40}: org/jetbrains/plugins/gradle/tooling/builder/ExternalTestsModelBuilderImplBeanInfo> (0x00000000ebe15c40) 
thrown [s\src\hotspot\share\classfile\systemDictionary.cpp, line 256]
Event: 712.477 Thread 0x00000143ba513090 Exception <a 'java/lang/ClassNotFoundException'{0x00000000ebe1e398}: org/jetbrains/plugins/gradle/tooling/builder/ExternalTestsModelBuilderImplCustomizer> (0x00000000ebe1e398) 
thrown [s\src\hotspot\share\classfile\systemDictionary.cpp, line 256]
Event: 712.479 Thread 0x00000143ba513090 Exception <a 'java/lang/ClassNotFoundException'{0x00000000ebe53738}: org/jetbrains/plugins/gradle/tooling/builder/ProjectExtensionsDataBuilderImplBeanInfo> (0x00000000ebe53738) 
thrown [s\src\hotspot\share\classfile\systemDictionary.cpp, line 256]
Event: 712.479 Thread 0x00000143ba513090 Exception <a 'java/lang/ClassNotFoundException'{0x00000000ebe5be90}: org/jetbrains/plugins/gradle/tooling/builder/ProjectExtensionsDataBuilderImplCustomizer> (0x00000000ebe5be90) 
thrown [s\src\hotspot\share\classfile\systemDictionary.cpp, line 256]
Event: 712.480 Thread 0x00000143ba513090 Exception <a 'java/lang/ClassNotFoundException'{0x00000000ebe81c20}: org/jetbrains/plugins/gradle/tooling/builder/IntelliJSettingsBuilderBeanInfo> (0x00000000ebe81c20) 
thrown [s\src\hotspot\share\classfile\systemDictionary.cpp, line 256]
Event: 712.480 Thread 0x00000143ba513090 Exception <a 'java/lang/ClassNotFoundException'{0x00000000ebe8a310}: org/jetbrains/plugins/gradle/tooling/builder/IntelliJSettingsBuilderCustomizer> (0x00000000ebe8a310) 
thrown [s\src\hotspot\share\classfile\systemDictionary.cpp, line 256]
Event: 712.481 Thread 0x00000143ba513090 Exception <a 'java/lang/ClassNotFoundException'{0x00000000ebeaf588}: org/jetbrains/plugins/gradle/tooling/builder/IntelliJProjectSettingsBuilderBeanInfo> (0x00000000ebeaf588) 
thrown [s\src\hotspot\share\classfile\systemDictionary.cpp, line 256]
Event: 712.481 Thread 0x00000143ba513090 Exception <a 'java/lang/ClassNotFoundException'{0x00000000ebeb7ce0}: org/jetbrains/plugins/gradle/tooling/builder/IntelliJProjectSettingsBuilderCustomizer> (0x00000000ebeb7ce0) 
thrown [s\src\hotspot\share\classfile\systemDictionary.cpp, line 256]
Event: 712.483 Thread 0x00000143ba513090 Exception <a 'java/lang/ClassNotFoundException'{0x00000000ebee0a48}: org/jetbrains/plugins/gradle/tooling/builder/DependencyAccessorsModelBuilderBeanInfo> (0x00000000ebee0a48) 
thrown [s\src\hotspot\share\classfile\systemDictionary.cpp, line 256]
Event: 712.483 Thread 0x00000143ba513090 Exception <a 'java/lang/ClassNotFoundException'{0x00000000ebee91a0}: org/jetbrains/plugins/gradle/tooling/builder/DependencyAccessorsModelBuilderCustomizer> (0x00000000ebee91a0) 
thrown [s\src\hotspot\share\classfile\systemDictionary.cpp, line 256]

VM Operations (20 events):
Event: 711.327 Executing VM operation: ICBufferFull done
Event: 711.555 Executing VM operation: ICBufferFull
Event: 711.555 Executing VM operation: ICBufferFull done
Event: 711.792 Executing VM operation: ICBufferFull
Event: 711.792 Executing VM operation: ICBufferFull done
Event: 711.970 Executing VM operation: HandshakeAllThreads
Event: 711.970 Executing VM operation: HandshakeAllThreads done
Event: 711.973 Executing VM operation: HandshakeAllThreads
Event: 711.973 Executing VM operation: HandshakeAllThreads done
Event: 712.055 Executing VM operation: HandshakeAllThreads
Event: 712.055 Executing VM operation: HandshakeAllThreads done
Event: 712.087 Executing VM operation: HandshakeAllThreads
Event: 712.088 Executing VM operation: HandshakeAllThreads done
Event: 712.114 Executing VM operation: ICBufferFull
Event: 712.114 Executing VM operation: ICBufferFull done
Event: 712.173 Executing VM operation: HandshakeAllThreads
Event: 712.173 Executing VM operation: HandshakeAllThreads done
Event: 712.284 Executing VM operation: ICBufferFull
Event: 712.284 Executing VM operation: ICBufferFull done
Event: 712.597 Executing VM operation: ICBufferFull

Events (20 events):
Event: 712.293 Thread 0x00000143b16653f0 Thread exited: 0x00000143b16653f0
Event: 712.293 Thread 0x00000143b1668410 Thread exited: 0x00000143b1668410
Event: 712.293 Thread 0x00000143ba510a10 Thread exited: 0x00000143ba510a10
Event: 712.293 Thread 0x00000143ba513560 Thread exited: 0x00000143ba513560
Event: 712.302 Thread 0x00000143ba50f6d0 Thread exited: 0x00000143ba50f6d0
Event: 712.303 Thread 0x00000143ba514d70 Thread exited: 0x00000143ba514d70
Event: 712.311 Thread 0x00000143ba50ed30 Thread exited: 0x00000143ba50ed30
Event: 712.314 Thread 0x00000143ba5126f0 Thread exited: 0x00000143ba5126f0
Event: 712.316 Thread 0x00000143ba5148a0 Thread exited: 0x00000143ba5148a0
Event: 712.350 Thread 0x00000143b5a556e0 Thread added: 0x00000143b5a556e0
Event: 712.355 Thread 0x00000143b5a556e0 Thread exited: 0x00000143b5a556e0
Event: 712.362 Thread 0x00000143b5a56a20 Thread added: 0x00000143b5a56a20
Event: 712.368 Thread 0x00000143b5a556e0 Thread added: 0x00000143b5a556e0
Event: 712.372 Thread 0x00000143b5a573c0 Thread added: 0x00000143b5a573c0
Event: 712.372 Thread 0x00000143b5a59a40 Thread added: 0x00000143b5a59a40
Event: 712.372 Thread 0x00000143b5a53a00 Thread added: 0x00000143b5a53a00
Event: 712.375 Thread 0x00000143b5a55bb0 Thread added: 0x00000143b5a55bb0
Event: 712.384 Thread 0x00000143b5a56080 Thread added: 0x00000143b5a56080
Event: 712.386 Thread 0x00000143b5a590a0 Thread added: 0x00000143b5a590a0
Event: 712.388 Thread 0x00000143b5a5a8b0 Thread added: 0x00000143b5a5a8b0


Dynamic libraries:
0x00007ff7a5b90000 - 0x00007ff7a5b9a000 	D:\Program Files\JetBrains\IntelliJ IDEA Community Edition 2022.3.2\jbr\bin\java.exe
0x00007fff8ad30000 - 0x00007fff8af44000 	C:\WINDOWS\SYSTEM32\ntdll.dll
0x00007fff89b60000 - 0x00007fff89c22000 	C:\WINDOWS\System32\KERNEL32.DLL
0x00007fff88140000 - 0x00007fff884dc000 	C:\WINDOWS\System32\KERNELBASE.dll
0x00007fff88550000 - 0x00007fff88661000 	C:\WINDOWS\System32\ucrtbase.dll
0x00007fff6df80000 - 0x00007fff6df97000 	D:\Program Files\JetBrains\IntelliJ IDEA Community Edition 2022.3.2\jbr\bin\jli.dll
0x00007fff8a0d0000 - 0x00007fff8a27b000 	C:\WINDOWS\System32\USER32.dll
0x00007fff724f0000 - 0x00007fff7277e000 	C:\WINDOWS\WinSxS\amd64_microsoft.windows.common-controls_6595b64144ccf1df_6.0.22621.436_none_a94247dbc10d8414\COMCTL32.dll
0x00007fff88830000 - 0x00007fff88856000 	C:\WINDOWS\System32\win32u.dll
0x00007fff88d60000 - 0x00007fff88d89000 	C:\WINDOWS\System32\GDI32.dll
0x00007fff88cb0000 - 0x00007fff88d57000 	C:\WINDOWS\System32\msvcrt.dll
0x00007fff88670000 - 0x00007fff88782000 	C:\WINDOWS\System32\gdi32full.dll
0x00007fff88790000 - 0x00007fff8882a000 	C:\WINDOWS\System32\msvcp_win.dll
0x00007fff52ca0000 - 0x00007fff52cbb000 	D:\Program Files\JetBrains\IntelliJ IDEA Community Edition 2022.3.2\jbr\bin\VCRUNTIME140.dll
0x00007fff89d30000 - 0x00007fff89d61000 	C:\WINDOWS\System32\IMM32.DLL
0x00007fff6df70000 - 0x00007fff6df7c000 	D:\Program Files\JetBrains\IntelliJ IDEA Community Edition 2022.3.2\jbr\bin\vcruntime140_1.dll
0x00007ffec4b10000 - 0x00007ffec4b9d000 	D:\Program Files\JetBrains\IntelliJ IDEA Community Edition 2022.3.2\jbr\bin\msvcp140.dll
0x00007ffed0da0000 - 0x00007ffed1a0d000 	D:\Program Files\JetBrains\IntelliJ IDEA Community Edition 2022.3.2\jbr\bin\server\jvm.dll
0x00007fff88da0000 - 0x00007fff88e4e000 	C:\WINDOWS\System32\ADVAPI32.dll
0x00007fff8a2b0000 - 0x00007fff8a354000 	C:\WINDOWS\System32\sechost.dll
0x00007fff88b70000 - 0x00007fff88c85000 	C:\WINDOWS\System32\RPCRT4.dll
0x00007fff7e670000 - 0x00007fff7e6a4000 	C:\WINDOWS\SYSTEM32\WINMM.dll
0x00007fff2da30000 - 0x00007fff2da39000 	C:\WINDOWS\SYSTEM32\WSOCK32.dll
0x00007fff7f290000 - 0x00007fff7f29a000 	C:\WINDOWS\SYSTEM32\VERSION.dll
0x00007fff8a830000 - 0x00007fff8a8a1000 	C:\WINDOWS\System32\WS2_32.dll
0x00007fff871c0000 - 0x00007fff871d8000 	C:\WINDOWS\SYSTEM32\kernel.appcore.dll
0x00007fff83750000 - 0x00007fff8375a000 	D:\Program Files\JetBrains\IntelliJ IDEA Community Edition 2022.3.2\jbr\bin\jimage.dll
0x00007fff75730000 - 0x00007fff7595e000 	C:\WINDOWS\SYSTEM32\DBGHELP.DLL
0x00007fff896c0000 - 0x00007fff89a49000 	C:\WINDOWS\System32\combase.dll
0x00007fff8aad0000 - 0x00007fff8aba7000 	C:\WINDOWS\System32\OLEAUT32.dll
0x00007fff77ed0000 - 0x00007fff77f02000 	C:\WINDOWS\SYSTEM32\dbgcore.DLL
0x00007fff88a90000 - 0x00007fff88b0b000 	C:\WINDOWS\System32\bcryptPrimitives.dll
0x00007fff6ee00000 - 0x00007fff6ee25000 	D:\Program Files\JetBrains\IntelliJ IDEA Community Edition 2022.3.2\jbr\bin\java.dll
0x00007fff72e30000 - 0x00007fff72e48000 	D:\Program Files\JetBrains\IntelliJ IDEA Community Edition 2022.3.2\jbr\bin\zip.dll
0x00007fff88e50000 - 0x00007fff8962b000 	C:\WINDOWS\System32\SHELL32.dll
0x00007fff861a0000 - 0x00007fff86a55000 	C:\WINDOWS\SYSTEM32\windows.storage.dll
0x00007fff86060000 - 0x00007fff8619d000 	C:\WINDOWS\SYSTEM32\wintypes.dll
0x00007fff89c30000 - 0x00007fff89d21000 	C:\WINDOWS\System32\SHCORE.dll
0x00007fff88b10000 - 0x00007fff88b6e000 	C:\WINDOWS\System32\shlwapi.dll
0x00007fff88070000 - 0x00007fff88091000 	C:\WINDOWS\SYSTEM32\profapi.dll
0x00007fff723f0000 - 0x00007fff72409000 	D:\Program Files\JetBrains\IntelliJ IDEA Community Edition 2022.3.2\jbr\bin\net.dll
0x00007fff81d10000 - 0x00007fff81e3f000 	C:\WINDOWS\SYSTEM32\WINHTTP.dll
0x00007fff87620000 - 0x00007fff87689000 	C:\WINDOWS\system32\mswsock.dll
0x00007fff6dfa0000 - 0x00007fff6dfb6000 	D:\Program Files\JetBrains\IntelliJ IDEA Community Edition 2022.3.2\jbr\bin\nio.dll
0x00007fff73170000 - 0x00007fff73180000 	D:\Program Files\JetBrains\IntelliJ IDEA Community Edition 2022.3.2\jbr\bin\verify.dll
0x00007fff58120000 - 0x00007fff58147000 	C:\Users\janar\.gradle\native\e1d6ef7f7dcc3fd88c89a11ec53ec762bb8ba0a96d01ffa2cd45eb1d1d8dd5c5\windows-amd64\native-platform.dll
0x00007ffec49c0000 - 0x00007ffec4b04000 	C:\Users\janar\.gradle\native\5664cfc778a61ccfe75a443a1ab52a65af34e5dc3c78e0209fed803814484fcb\windows-amd64\native-platform-file-events.dll
0x00007fff71720000 - 0x00007fff71729000 	D:\Program Files\JetBrains\IntelliJ IDEA Community Edition 2022.3.2\jbr\bin\management.dll
0x00007fff716f0000 - 0x00007fff716fb000 	D:\Program Files\JetBrains\IntelliJ IDEA Community Edition 2022.3.2\jbr\bin\management_ext.dll
0x00007fff8a280000 - 0x00007fff8a288000 	C:\WINDOWS\System32\PSAPI.DLL
0x00007fff878d0000 - 0x00007fff878eb000 	C:\WINDOWS\SYSTEM32\CRYPTSP.dll
0x00007fff87130000 - 0x00007fff87165000 	C:\WINDOWS\system32\rsaenh.dll
0x00007fff87780000 - 0x00007fff877a8000 	C:\WINDOWS\SYSTEM32\USERENV.dll
0x00007fff87af0000 - 0x00007fff87b18000 	C:\WINDOWS\SYSTEM32\bcrypt.dll
0x00007fff87950000 - 0x00007fff8795c000 	C:\WINDOWS\SYSTEM32\CRYPTBASE.dll
0x00007fff86cb0000 - 0x00007fff86cdd000 	C:\WINDOWS\SYSTEM32\IPHLPAPI.DLL
0x00007fff88d90000 - 0x00007fff88d99000 	C:\WINDOWS\System32\NSI.dll
0x00007fff815d0000 - 0x00007fff815e9000 	C:\WINDOWS\SYSTEM32\dhcpcsvc6.DLL
0x00007fff815b0000 - 0x00007fff815cf000 	C:\WINDOWS\SYSTEM32\dhcpcsvc.DLL
0x00007fff86d20000 - 0x00007fff86e12000 	C:\WINDOWS\SYSTEM32\DNSAPI.dll
0x00007fff72fa0000 - 0x00007fff72fae000 	D:\Program Files\JetBrains\IntelliJ IDEA Community Edition 2022.3.2\jbr\bin\sunmscapi.dll
0x00007fff88920000 - 0x00007fff88a86000 	C:\WINDOWS\System32\CRYPT32.dll
0x00007fff87ac0000 - 0x00007fff87aed000 	C:\WINDOWS\SYSTEM32\ncrypt.dll
0x00007fff87a80000 - 0x00007fff87ab7000 	C:\WINDOWS\SYSTEM32\NTASN1.dll
0x00007fff16e60000 - 0x00007fff16e68000 	C:\WINDOWS\system32\wshunix.dll
0x00007fff7f310000 - 0x00007fff7f31a000 	C:\Windows\System32\rasadhlp.dll
0x00007fff80f80000 - 0x00007fff81003000 	C:\WINDOWS\System32\fwpuclnt.dll

dbghelp: loaded successfully - version: 4.0.5 - missing functions: none
symbol engine: initialized successfully - sym options: 0x614 - pdb path: .;D:\Program Files\JetBrains\IntelliJ IDEA Community Edition 2022.3.2\jbr\bin;C:\WINDOWS\SYSTEM32;C:\WINDOWS\WinSxS\amd64_microsoft.windows.common-controls_6595b64144ccf1df_6.0.22621.436_none_a94247dbc10d8414;D:\Program Files\JetBrains\IntelliJ IDEA Community Edition 2022.3.2\jbr\bin\server;C:\Users\janar\.gradle\native\e1d6ef7f7dcc3fd88c89a11ec53ec762bb8ba0a96d01ffa2cd45eb1d1d8dd5c5\windows-amd64;C:\Users\janar\.gradle\native\5664cfc778a61ccfe75a443a1ab52a65af34e5dc3c78e0209fed803814484fcb\windows-amd64

VM Arguments:
jvm_args: --add-opens=java.base/java.util=ALL-UNNAMED --add-opens=java.base/java.lang=ALL-UNNAMED --add-opens=java.base/java.lang.invoke=ALL-UNNAMED --add-opens=java.base/java.util=ALL-UNNAMED --add-opens=java.prefs/java.util.prefs=ALL-UNNAMED --add-opens=java.prefs/java.util.prefs=ALL-UNNAMED --add-opens=java.base/java.nio.charset=ALL-UNNAMED --add-opens=java.base/java.net=ALL-UNNAMED --add-opens=java.base/java.util.concurrent.atomic=ALL-UNNAMED -XX:MaxMetaspaceSize=256m -XX:+HeapDumpOnOutOfMemoryError -Xms256m -Xmx512m -Dfile.encoding=windows-1251 -Duser.country=RU -Duser.language=ru -Duser.variant 
java_command: org.gradle.launcher.daemon.bootstrap.GradleDaemon 7.3.3
java_class_path (initial): C:\Users\janar\.gradle\wrapper\dists\gradle-7.3.3-bin\6a41zxkdtcxs8rphpq6y0069z\gradle-7.3.3\lib\gradle-launcher-7.3.3.jar
Launcher Type: SUN_STANDARD

[Global flags]
     intx CICompilerCount                          = 4                                         {product} {ergonomic}
   size_t CompressedClassSpaceSize                 = 218103808                                 {product} {ergonomic}
     uint ConcGCThreads                            = 2                                         {product} {ergonomic}
     uint G1ConcRefinementThreads                  = 8                                         {product} {ergonomic}
   size_t G1HeapRegionSize                         = 1048576                                   {product} {ergonomic}
    uintx GCDrainStackTargetSize                   = 64                                        {product} {ergonomic}
     bool HeapDumpOnOutOfMemoryError               = true                                   {manageable} {command line}
   size_t InitialHeapSize                          = 268435456                                 {product} {command line}
   size_t MarkStackSize                            = 4194304                                   {product} {ergonomic}
   size_t MaxHeapSize                              = 536870912                                 {product} {command line}
   size_t MaxMetaspaceSize                         = 268435456                                 {product} {command line}
   size_t MaxNewSize                               = 321912832                                 {product} {ergonomic}
   size_t MinHeapDeltaBytes                        = 1048576                                   {product} {ergonomic}
   size_t MinHeapSize                              = 268435456                                 {product} {command line}
    uintx NonNMethodCodeHeapSize                   = 5839372                                {pd product} {ergonomic}
    uintx NonProfiledCodeHeapSize                  = 122909434                              {pd product} {ergonomic}
    uintx ProfiledCodeHeapSize                     = 122909434                              {pd product} {ergonomic}
    uintx ReservedCodeCacheSize                    = 251658240                              {pd product} {ergonomic}
     bool SegmentedCodeCache                       = true                                      {product} {ergonomic}
   size_t SoftMaxHeapSize                          = 536870912                              {manageable} {ergonomic}
     bool UseCompressedClassPointers               = true                           {product lp64_product} {ergonomic}
     bool UseCompressedOops                        = true                           {product lp64_product} {ergonomic}
     bool UseG1GC                                  = true                                      {product} {ergonomic}
     bool UseLargePagesIndividualAllocation        = false                                  {pd product} {ergonomic}

Logging:
Log output configuration:
 #0: stdout all=warning uptime,level,tags
 #1: stderr all=off uptime,level,tags

Environment Variables:
PATH=C:\Program Files\Common Files\Oracle\Java\javapath;D:\Oculus\Support\oculus-runtime;C:\Windows\system32;C:\Windows;C:\Windows\System32\Wbem;C:\Windows\System32\WindowsPowerShell\v1.0\;C:\Windows\System32\OpenSSH\;C:\Program Files (x86)\NVIDIA Corporation\PhysX\Common;C:\Program Files\NVIDIA Corporation\NVIDIA NvDLISR;C:\Program Files (x86)\Intel\Intel(R) Management Engine Components\DAL;C:\Program Files\Intel\Intel(R) Management Engine Components\DAL;C:\WINDOWS\system32;C:\WINDOWS;C:\WINDOWS\System32\Wbem;C:\WINDOWS\System32\WindowsPowerShell\v1.0\;C:\WINDOWS\System32\OpenSSH\;C:\Users\janar\Documents\FFAIO\bin;C:\Program Files\Microsoft SQL Server\120\Tools\Binn\;C:\WINDOWS\system32;C:\WINDOWS;C:\WINDOWS\System32\Wbem;C:\WINDOWS\System32\WindowsPowerShell\v1.0\;C:\WINDOWS\System32\OpenSSH\;C:\Program Files\dotnet\;C:\Gradle\gradle-7.6\bin;C:\Program Files\Git\cmd;C:\Program Files\PowerShell\7\;C:\Users\janar\AppData\Local\Microsoft\WindowsApps;C:\Users\janar\AppData\Local\GitHubDesktop\bin;D:\Program Files\JetBrains\IntelliJ IDEA Community Edition 2022.3.2\bin;
USERNAME=Zhanarys
OS=Windows_NT
PROCESSOR_IDENTIFIER=Intel64 Family 6 Model 158 Stepping 13, GenuineIntel
TMP=C:\Users\janar\AppData\Local\Temp
TEMP=C:\Users\janar\AppData\Local\Temp



---------------  S Y S T E M  ---------------

OS:
 Windows 11 , 64 bit Build 22621 (10.0.22621.436)
OS uptime: 0 days 3:22 hours

CPU: total 8 (initial active 8) (8 cores per cpu, 1 threads per core) family 6 model 158 stepping 13 microcode 0xea, cx8, cmov, fxsr, mmx, 3dnowpref, sse, sse2, sse3, ssse3, sse4.1, sse4.2, popcnt, lzcnt, tsc, tscinvbit, avx, avx2, aes, erms, clmul, bmi1, bmi2, adx, fma, vzeroupper, clflush, clflushopt

Memory: 4k page, system-wide physical 32682M (20901M free)
TotalPageFile size 50090M (AvailPageFile size 34710M)
current process WorkingSet (physical memory assigned to process): 519M, peak: 549M
current process commit charge ("private bytes"): 554M, peak: 586M

vm_info: OpenJDK 64-Bit Server VM (17.0.6+10-b829.5) for windows-amd64 JRE (17.0.6+10-b829.5), built on 2023-02-24 by "builduser" with MS VC++ 16.10 / 16.11 (VS2019)

END.
